2023-04-30 07:59:29-967 [main] INFO  com.capricorn.summer.SummerApplication - Starting SummerApplication on DESKTOP-6PO1T0J with PID 9652 (D:\IDEAProjects\summer\target\classes started by CasioJie in D:\IDEAProjects\summer)
2023-04-30 07:59:29-985 [main] INFO  com.capricorn.summer.SummerApplication - No active profile set, falling back to default profiles: default
2023-04-30 07:59:32-201 [main] INFO  o.s.boot.web.embedded.tomcat.TomcatWebServer - Tomcat initialized with port(s): 8080 (http)
2023-04-30 07:59:32-217 [main] INFO  org.apache.coyote.http11.Http11NioProtocol - Initializing ProtocolHandler ["http-nio-8080"]
2023-04-30 07:59:32-219 [main] INFO  org.apache.catalina.core.StandardService - Starting service [Tomcat]
2023-04-30 07:59:32-220 [main] INFO  org.apache.catalina.core.StandardEngine - Starting Servlet engine: [Apache Tomcat/9.0.41]
2023-04-30 07:59:32-384 [main] INFO  o.a.c.core.ContainerBase.[Tomcat].[localhost].[/] - Initializing Spring embedded WebApplicationContext
2023-04-30 07:59:32-384 [main] INFO  o.s.b.w.s.c.ServletWebServerApplicationContext - Root WebApplicationContext: initialization completed in 2324 ms
2023-04-30 07:59:54-511 [main] INFO  com.alibaba.druid.pool.DruidDataSource - {dataSource-1,capricorn} inited
2023-04-30 07:59:54-524 [main] INFO  org.apache.catalina.core.StandardService - Stopping service [Tomcat]
2023-04-30 07:59:54-539 [main] INFO  o.s.b.a.l.ConditionEvaluationReportLoggingListener - 

Error starting ApplicationContext. To display the conditions report re-run your application with 'debug' enabled.
2023-04-30 08:07:14-793 [main] INFO  com.capricorn.summer.SummerApplication - Starting SummerApplication on DESKTOP-6PO1T0J with PID 6940 (D:\IDEAProjects\summer\target\classes started by CasioJie in D:\IDEAProjects\summer)
2023-04-30 08:07:14-799 [main] INFO  com.capricorn.summer.SummerApplication - No active profile set, falling back to default profiles: default
2023-04-30 08:07:16-761 [main] INFO  o.s.boot.web.embedded.tomcat.TomcatWebServer - Tomcat initialized with port(s): 8080 (http)
2023-04-30 08:07:16-775 [main] INFO  org.apache.coyote.http11.Http11NioProtocol - Initializing ProtocolHandler ["http-nio-8080"]
2023-04-30 08:07:16-777 [main] INFO  org.apache.catalina.core.StandardService - Starting service [Tomcat]
2023-04-30 08:07:16-778 [main] INFO  org.apache.catalina.core.StandardEngine - Starting Servlet engine: [Apache Tomcat/9.0.41]
2023-04-30 08:07:16-918 [main] INFO  o.a.c.core.ContainerBase.[Tomcat].[localhost].[/] - Initializing Spring embedded WebApplicationContext
2023-04-30 08:07:16-919 [main] INFO  o.s.b.w.s.c.ServletWebServerApplicationContext - Root WebApplicationContext: initialization completed in 2029 ms
2023-04-30 08:07:38-746 [main] INFO  com.alibaba.druid.pool.DruidDataSource - {dataSource-1,capricorn} inited
2023-04-30 08:07:39-311 [main] INFO  org.apache.catalina.core.StandardService - Stopping service [Tomcat]
2023-04-30 08:07:39-366 [main] INFO  o.s.b.a.l.ConditionEvaluationReportLoggingListener - 

Error starting ApplicationContext. To display the conditions report re-run your application with 'debug' enabled.
2023-04-30 08:17:57-398 [main] INFO  com.capricorn.summer.SummerApplication - Starting SummerApplication on DESKTOP-6PO1T0J with PID 12324 (D:\IDEAProjects\summer\target\classes started by CasioJie in D:\IDEAProjects\summer)
2023-04-30 08:17:57-403 [main] INFO  com.capricorn.summer.SummerApplication - No active profile set, falling back to default profiles: default
2023-04-30 08:17:59-388 [main] INFO  o.s.boot.web.embedded.tomcat.TomcatWebServer - Tomcat initialized with port(s): 8080 (http)
2023-04-30 08:17:59-403 [main] INFO  org.apache.coyote.http11.Http11NioProtocol - Initializing ProtocolHandler ["http-nio-8080"]
2023-04-30 08:17:59-405 [main] INFO  org.apache.catalina.core.StandardService - Starting service [Tomcat]
2023-04-30 08:17:59-405 [main] INFO  org.apache.catalina.core.StandardEngine - Starting Servlet engine: [Apache Tomcat/9.0.41]
2023-04-30 08:17:59-572 [main] INFO  o.a.c.core.ContainerBase.[Tomcat].[localhost].[/] - Initializing Spring embedded WebApplicationContext
2023-04-30 08:17:59-573 [main] INFO  o.s.b.w.s.c.ServletWebServerApplicationContext - Root WebApplicationContext: initialization completed in 2061 ms
2023-04-30 08:18:06-509 [main] INFO  com.alibaba.druid.pool.DruidDataSource - {dataSource-1,capricorn} inited
2023-04-30 08:18:06-511 [main] INFO  c.b.dynamic.datasource.DynamicRoutingDataSource - dynamic-datasource - add a datasource named [capricorn] success
2023-04-30 08:18:06-512 [main] INFO  c.b.dynamic.datasource.DynamicRoutingDataSource - dynamic-datasource initial loaded [1] datasource,primary datasource named [capricorn]
2023-04-30 08:18:07-917 [main] INFO  org.quartz.impl.StdSchedulerFactory - Using default implementation for ThreadExecutor
2023-04-30 08:18:07-920 [main] INFO  org.quartz.simpl.SimpleThreadPool - Job execution threads will use class loader of thread: main
2023-04-30 08:18:07-949 [main] INFO  org.quartz.core.SchedulerSignalerImpl - Initialized Scheduler Signaller of type: class org.quartz.core.SchedulerSignalerImpl
2023-04-30 08:18:07-950 [main] INFO  org.quartz.core.QuartzScheduler - Quartz Scheduler v.2.3.2 created.
2023-04-30 08:18:07-954 [main] INFO  o.s.scheduling.quartz.LocalDataSourceJobStore - Using db table-based data access locking (synchronization).
2023-04-30 08:18:07-957 [main] INFO  o.s.scheduling.quartz.LocalDataSourceJobStore - JobStoreCMT initialized.
2023-04-30 08:18:07-959 [main] INFO  org.quartz.core.QuartzScheduler - Scheduler meta-data: Quartz Scheduler (v2.3.2) 'clusteredScheduler' with instanceId 'DESKTOP-6PO1T0J1682813887919'
  Scheduler class: 'org.quartz.core.QuartzScheduler' - running locally.
  NOT STARTED.
  Currently in standby mode.
  Number of jobs executed: 0
  Using thread pool 'org.quartz.simpl.SimpleThreadPool' - with 10 threads.
  Using job-store 'org.springframework.scheduling.quartz.LocalDataSourceJobStore' - which supports persistence. and is clustered.

2023-04-30 08:18:07-959 [main] INFO  org.quartz.impl.StdSchedulerFactory - Quartz scheduler 'clusteredScheduler' initialized from an externally provided properties instance.
2023-04-30 08:18:07-959 [main] INFO  org.quartz.impl.StdSchedulerFactory - Quartz scheduler version: 2.3.2
2023-04-30 08:18:07-960 [main] INFO  org.quartz.core.QuartzScheduler - JobFactory set to: org.springframework.scheduling.quartz.SpringBeanJobFactory@65b66b08
2023-04-30 08:18:09-156 [main] INFO  org.apache.coyote.http11.Http11NioProtocol - Starting ProtocolHandler ["http-nio-8080"]
2023-04-30 08:18:09-188 [main] INFO  o.s.boot.web.embedded.tomcat.TomcatWebServer - Tomcat started on port(s): 8080 (http) with context path ''
2023-04-30 08:18:09-191 [main] INFO  o.s.scheduling.quartz.SchedulerFactoryBean - Starting Quartz Scheduler now
2023-04-30 08:18:09-784 [main] INFO  org.quartz.core.QuartzScheduler - Scheduler clusteredScheduler_$_DESKTOP-6PO1T0J1682813887919 started.
2023-04-30 08:18:09-901 [main] INFO  com.capricorn.summer.SummerApplication - Started SummerApplication in 13.291 seconds (JVM running for 14.884)
2023-04-30 08:18:22-657 [http-nio-8080-exec-1] INFO  o.a.c.core.ContainerBase.[Tomcat].[localhost].[/] - Initializing Spring DispatcherServlet 'dispatcherServlet'
2023-04-30 08:18:22-657 [http-nio-8080-exec-1] INFO  org.springframework.web.servlet.DispatcherServlet - Initializing Servlet 'dispatcherServlet'
2023-04-30 08:18:22-672 [http-nio-8080-exec-1] INFO  org.springframework.web.servlet.DispatcherServlet - Completed initialization in 15 ms
2023-04-30 08:27:20-003 [main] INFO  com.capricorn.summer.SummerApplication - Starting SummerApplication on DESKTOP-6PO1T0J with PID 7592 (D:\IDEAProjects\summer\target\classes started by CasioJie in D:\IDEAProjects\summer)
2023-04-30 08:27:20-009 [main] INFO  com.capricorn.summer.SummerApplication - No active profile set, falling back to default profiles: default
2023-04-30 08:27:21-763 [main] INFO  o.s.boot.web.embedded.tomcat.TomcatWebServer - Tomcat initialized with port(s): 8080 (http)
2023-04-30 08:27:21-774 [main] INFO  org.apache.coyote.http11.Http11NioProtocol - Initializing ProtocolHandler ["http-nio-8080"]
2023-04-30 08:27:21-775 [main] INFO  org.apache.catalina.core.StandardService - Starting service [Tomcat]
2023-04-30 08:27:21-776 [main] INFO  org.apache.catalina.core.StandardEngine - Starting Servlet engine: [Apache Tomcat/9.0.41]
2023-04-30 08:27:21-995 [main] INFO  o.a.c.core.ContainerBase.[Tomcat].[localhost].[/] - Initializing Spring embedded WebApplicationContext
2023-04-30 08:27:21-996 [main] INFO  o.s.b.w.s.c.ServletWebServerApplicationContext - Root WebApplicationContext: initialization completed in 1908 ms
2023-04-30 08:27:25-567 [main] INFO  com.alibaba.druid.pool.DruidDataSource - {dataSource-1,capricorn} inited
2023-04-30 08:27:25-569 [main] INFO  c.b.dynamic.datasource.DynamicRoutingDataSource - dynamic-datasource - add a datasource named [capricorn] success
2023-04-30 08:27:25-569 [main] INFO  c.b.dynamic.datasource.DynamicRoutingDataSource - dynamic-datasource initial loaded [1] datasource,primary datasource named [capricorn]
2023-04-30 08:27:27-694 [main] INFO  org.quartz.impl.StdSchedulerFactory - Using default implementation for ThreadExecutor
2023-04-30 08:27:27-697 [main] INFO  org.quartz.simpl.SimpleThreadPool - Job execution threads will use class loader of thread: main
2023-04-30 08:27:27-714 [main] INFO  org.quartz.core.SchedulerSignalerImpl - Initialized Scheduler Signaller of type: class org.quartz.core.SchedulerSignalerImpl
2023-04-30 08:27:27-715 [main] INFO  org.quartz.core.QuartzScheduler - Quartz Scheduler v.2.3.2 created.
2023-04-30 08:27:27-720 [main] INFO  o.s.scheduling.quartz.LocalDataSourceJobStore - Using db table-based data access locking (synchronization).
2023-04-30 08:27:27-724 [main] INFO  o.s.scheduling.quartz.LocalDataSourceJobStore - JobStoreCMT initialized.
2023-04-30 08:27:27-725 [main] INFO  org.quartz.core.QuartzScheduler - Scheduler meta-data: Quartz Scheduler (v2.3.2) 'clusteredScheduler' with instanceId 'DESKTOP-6PO1T0J1682814447696'
  Scheduler class: 'org.quartz.core.QuartzScheduler' - running locally.
  NOT STARTED.
  Currently in standby mode.
  Number of jobs executed: 0
  Using thread pool 'org.quartz.simpl.SimpleThreadPool' - with 10 threads.
  Using job-store 'org.springframework.scheduling.quartz.LocalDataSourceJobStore' - which supports persistence. and is clustered.

2023-04-30 08:27:27-726 [main] INFO  org.quartz.impl.StdSchedulerFactory - Quartz scheduler 'clusteredScheduler' initialized from an externally provided properties instance.
2023-04-30 08:27:27-726 [main] INFO  org.quartz.impl.StdSchedulerFactory - Quartz scheduler version: 2.3.2
2023-04-30 08:27:27-726 [main] INFO  org.quartz.core.QuartzScheduler - JobFactory set to: org.springframework.scheduling.quartz.SpringBeanJobFactory@27a97e08
2023-04-30 08:27:28-596 [main] INFO  org.apache.coyote.http11.Http11NioProtocol - Starting ProtocolHandler ["http-nio-8080"]
2023-04-30 08:27:28-626 [main] INFO  o.s.boot.web.embedded.tomcat.TomcatWebServer - Tomcat started on port(s): 8080 (http) with context path ''
2023-04-30 08:27:28-629 [main] INFO  o.s.scheduling.quartz.SchedulerFactoryBean - Starting Quartz Scheduler now
2023-04-30 08:27:28-770 [main] INFO  org.quartz.core.QuartzScheduler - Scheduler clusteredScheduler_$_DESKTOP-6PO1T0J1682814447696 started.
2023-04-30 08:27:28-793 [main] INFO  com.capricorn.summer.SummerApplication - Started SummerApplication in 9.727 seconds (JVM running for 11.452)
2023-04-30 08:27:43-916 [http-nio-8080-exec-1] INFO  o.a.c.core.ContainerBase.[Tomcat].[localhost].[/] - Initializing Spring DispatcherServlet 'dispatcherServlet'
2023-04-30 08:27:43-916 [http-nio-8080-exec-1] INFO  org.springframework.web.servlet.DispatcherServlet - Initializing Servlet 'dispatcherServlet'
2023-04-30 08:27:43-927 [http-nio-8080-exec-1] INFO  org.springframework.web.servlet.DispatcherServlet - Completed initialization in 11 ms
2023-04-30 08:29:35-741 [main] INFO  com.capricorn.summer.SummerApplication - Starting SummerApplication on DESKTOP-6PO1T0J with PID 12388 (D:\IDEAProjects\summer\target\classes started by CasioJie in D:\IDEAProjects\summer)
2023-04-30 08:29:35-747 [main] INFO  com.capricorn.summer.SummerApplication - No active profile set, falling back to default profiles: default
2023-04-30 08:29:37-663 [main] INFO  o.s.boot.web.embedded.tomcat.TomcatWebServer - Tomcat initialized with port(s): 8080 (http)
2023-04-30 08:29:37-677 [main] INFO  org.apache.coyote.http11.Http11NioProtocol - Initializing ProtocolHandler ["http-nio-8080"]
2023-04-30 08:29:37-678 [main] INFO  org.apache.catalina.core.StandardService - Starting service [Tomcat]
2023-04-30 08:29:37-679 [main] INFO  org.apache.catalina.core.StandardEngine - Starting Servlet engine: [Apache Tomcat/9.0.41]
2023-04-30 08:29:37-833 [main] INFO  o.a.c.core.ContainerBase.[Tomcat].[localhost].[/] - Initializing Spring embedded WebApplicationContext
2023-04-30 08:29:37-834 [main] INFO  o.s.b.w.s.c.ServletWebServerApplicationContext - Root WebApplicationContext: initialization completed in 2012 ms
2023-04-30 08:29:41-585 [main] INFO  com.alibaba.druid.pool.DruidDataSource - {dataSource-1,capricorn} inited
2023-04-30 08:29:41-587 [main] INFO  c.b.dynamic.datasource.DynamicRoutingDataSource - dynamic-datasource - add a datasource named [capricorn] success
2023-04-30 08:29:41-588 [main] INFO  c.b.dynamic.datasource.DynamicRoutingDataSource - dynamic-datasource initial loaded [1] datasource,primary datasource named [capricorn]
2023-04-30 08:29:42-996 [main] INFO  org.quartz.impl.StdSchedulerFactory - Using default implementation for ThreadExecutor
2023-04-30 08:29:42-999 [main] INFO  org.quartz.simpl.SimpleThreadPool - Job execution threads will use class loader of thread: main
2023-04-30 08:29:43-013 [main] INFO  org.quartz.core.SchedulerSignalerImpl - Initialized Scheduler Signaller of type: class org.quartz.core.SchedulerSignalerImpl
2023-04-30 08:29:43-014 [main] INFO  org.quartz.core.QuartzScheduler - Quartz Scheduler v.2.3.2 created.
2023-04-30 08:29:43-018 [main] INFO  o.s.scheduling.quartz.LocalDataSourceJobStore - Using db table-based data access locking (synchronization).
2023-04-30 08:29:43-021 [main] INFO  o.s.scheduling.quartz.LocalDataSourceJobStore - JobStoreCMT initialized.
2023-04-30 08:29:43-023 [main] INFO  org.quartz.core.QuartzScheduler - Scheduler meta-data: Quartz Scheduler (v2.3.2) 'clusteredScheduler' with instanceId 'DESKTOP-6PO1T0J1682814582997'
  Scheduler class: 'org.quartz.core.QuartzScheduler' - running locally.
  NOT STARTED.
  Currently in standby mode.
  Number of jobs executed: 0
  Using thread pool 'org.quartz.simpl.SimpleThreadPool' - with 10 threads.
  Using job-store 'org.springframework.scheduling.quartz.LocalDataSourceJobStore' - which supports persistence. and is clustered.

2023-04-30 08:29:43-023 [main] INFO  org.quartz.impl.StdSchedulerFactory - Quartz scheduler 'clusteredScheduler' initialized from an externally provided properties instance.
2023-04-30 08:29:43-023 [main] INFO  org.quartz.impl.StdSchedulerFactory - Quartz scheduler version: 2.3.2
2023-04-30 08:29:43-023 [main] INFO  org.quartz.core.QuartzScheduler - JobFactory set to: org.springframework.scheduling.quartz.SpringBeanJobFactory@27a97e08
2023-04-30 08:29:44-025 [main] INFO  org.apache.coyote.http11.Http11NioProtocol - Starting ProtocolHandler ["http-nio-8080"]
2023-04-30 08:29:44-066 [main] INFO  o.s.boot.web.embedded.tomcat.TomcatWebServer - Tomcat started on port(s): 8080 (http) with context path ''
2023-04-30 08:29:44-068 [main] INFO  o.s.scheduling.quartz.SchedulerFactoryBean - Starting Quartz Scheduler now
2023-04-30 08:29:44-228 [main] INFO  org.quartz.core.QuartzScheduler - Scheduler clusteredScheduler_$_DESKTOP-6PO1T0J1682814582997 started.
2023-04-30 08:29:44-253 [main] INFO  com.capricorn.summer.SummerApplication - Started SummerApplication in 9.541 seconds (JVM running for 11.117)
2023-04-30 08:29:56-806 [http-nio-8080-exec-1] INFO  o.a.c.core.ContainerBase.[Tomcat].[localhost].[/] - Initializing Spring DispatcherServlet 'dispatcherServlet'
2023-04-30 08:29:56-806 [http-nio-8080-exec-1] INFO  org.springframework.web.servlet.DispatcherServlet - Initializing Servlet 'dispatcherServlet'
2023-04-30 08:29:56-819 [http-nio-8080-exec-1] INFO  org.springframework.web.servlet.DispatcherServlet - Completed initialization in 12 ms
2023-04-30 08:36:51-260 [main] INFO  com.capricorn.summer.SummerApplication - Starting SummerApplication on DESKTOP-6PO1T0J with PID 9512 (D:\IDEAProjects\summer\target\classes started by CasioJie in D:\IDEAProjects\summer)
2023-04-30 08:36:51-265 [main] INFO  com.capricorn.summer.SummerApplication - No active profile set, falling back to default profiles: default
2023-04-30 08:36:53-782 [main] INFO  o.s.boot.web.embedded.tomcat.TomcatWebServer - Tomcat initialized with port(s): 8080 (http)
2023-04-30 08:36:53-805 [main] INFO  org.apache.coyote.http11.Http11NioProtocol - Initializing ProtocolHandler ["http-nio-8080"]
2023-04-30 08:36:53-807 [main] INFO  org.apache.catalina.core.StandardService - Starting service [Tomcat]
2023-04-30 08:36:53-808 [main] INFO  org.apache.catalina.core.StandardEngine - Starting Servlet engine: [Apache Tomcat/9.0.41]
2023-04-30 08:36:54-008 [main] INFO  o.a.c.core.ContainerBase.[Tomcat].[localhost].[/] - Initializing Spring embedded WebApplicationContext
2023-04-30 08:36:54-008 [main] INFO  o.s.b.w.s.c.ServletWebServerApplicationContext - Root WebApplicationContext: initialization completed in 2647 ms
2023-04-30 08:36:58-226 [main] INFO  com.alibaba.druid.pool.DruidDataSource - {dataSource-1,capricorn} inited
2023-04-30 08:36:58-228 [main] INFO  c.b.dynamic.datasource.DynamicRoutingDataSource - dynamic-datasource - add a datasource named [capricorn] success
2023-04-30 08:36:58-229 [main] INFO  c.b.dynamic.datasource.DynamicRoutingDataSource - dynamic-datasource initial loaded [1] datasource,primary datasource named [capricorn]
2023-04-30 08:36:59-800 [main] INFO  org.quartz.impl.StdSchedulerFactory - Using default implementation for ThreadExecutor
2023-04-30 08:36:59-803 [main] INFO  org.quartz.simpl.SimpleThreadPool - Job execution threads will use class loader of thread: main
2023-04-30 08:36:59-824 [main] INFO  org.quartz.core.SchedulerSignalerImpl - Initialized Scheduler Signaller of type: class org.quartz.core.SchedulerSignalerImpl
2023-04-30 08:36:59-825 [main] INFO  org.quartz.core.QuartzScheduler - Quartz Scheduler v.2.3.2 created.
2023-04-30 08:36:59-829 [main] INFO  o.s.scheduling.quartz.LocalDataSourceJobStore - Using db table-based data access locking (synchronization).
2023-04-30 08:36:59-832 [main] INFO  o.s.scheduling.quartz.LocalDataSourceJobStore - JobStoreCMT initialized.
2023-04-30 08:36:59-834 [main] INFO  org.quartz.core.QuartzScheduler - Scheduler meta-data: Quartz Scheduler (v2.3.2) 'clusteredScheduler' with instanceId 'DESKTOP-6PO1T0J1682815019801'
  Scheduler class: 'org.quartz.core.QuartzScheduler' - running locally.
  NOT STARTED.
  Currently in standby mode.
  Number of jobs executed: 0
  Using thread pool 'org.quartz.simpl.SimpleThreadPool' - with 10 threads.
  Using job-store 'org.springframework.scheduling.quartz.LocalDataSourceJobStore' - which supports persistence. and is clustered.

2023-04-30 08:36:59-834 [main] INFO  org.quartz.impl.StdSchedulerFactory - Quartz scheduler 'clusteredScheduler' initialized from an externally provided properties instance.
2023-04-30 08:36:59-834 [main] INFO  org.quartz.impl.StdSchedulerFactory - Quartz scheduler version: 2.3.2
2023-04-30 08:36:59-835 [main] INFO  org.quartz.core.QuartzScheduler - JobFactory set to: org.springframework.scheduling.quartz.SpringBeanJobFactory@4726927c
2023-04-30 08:37:01-041 [main] INFO  org.apache.coyote.http11.Http11NioProtocol - Starting ProtocolHandler ["http-nio-8080"]
2023-04-30 08:37:01-090 [main] INFO  o.s.boot.web.embedded.tomcat.TomcatWebServer - Tomcat started on port(s): 8080 (http) with context path ''
2023-04-30 08:37:01-094 [main] INFO  o.s.scheduling.quartz.SchedulerFactoryBean - Starting Quartz Scheduler now
2023-04-30 08:37:01-350 [main] INFO  org.quartz.core.QuartzScheduler - Scheduler clusteredScheduler_$_DESKTOP-6PO1T0J1682815019801 started.
2023-04-30 08:37:01-384 [main] INFO  com.capricorn.summer.SummerApplication - Started SummerApplication in 11.198 seconds (JVM running for 13.495)
2023-04-30 08:37:46-433 [http-nio-8080-exec-1] INFO  o.a.c.core.ContainerBase.[Tomcat].[localhost].[/] - Initializing Spring DispatcherServlet 'dispatcherServlet'
2023-04-30 08:37:46-433 [http-nio-8080-exec-1] INFO  org.springframework.web.servlet.DispatcherServlet - Initializing Servlet 'dispatcherServlet'
2023-04-30 08:37:46-447 [http-nio-8080-exec-1] INFO  org.springframework.web.servlet.DispatcherServlet - Completed initialization in 14 ms
2023-04-30 08:38:55-636 [main] INFO  com.capricorn.summer.SummerApplication - Starting SummerApplication on DESKTOP-6PO1T0J with PID 7332 (D:\IDEAProjects\summer\target\classes started by CasioJie in D:\IDEAProjects\summer)
2023-04-30 08:38:55-641 [main] INFO  com.capricorn.summer.SummerApplication - No active profile set, falling back to default profiles: default
2023-04-30 08:38:57-360 [main] INFO  o.s.boot.web.embedded.tomcat.TomcatWebServer - Tomcat initialized with port(s): 8080 (http)
2023-04-30 08:38:57-370 [main] INFO  org.apache.coyote.http11.Http11NioProtocol - Initializing ProtocolHandler ["http-nio-8080"]
2023-04-30 08:38:57-372 [main] INFO  org.apache.catalina.core.StandardService - Starting service [Tomcat]
2023-04-30 08:38:57-372 [main] INFO  org.apache.catalina.core.StandardEngine - Starting Servlet engine: [Apache Tomcat/9.0.41]
2023-04-30 08:38:57-503 [main] INFO  o.a.c.core.ContainerBase.[Tomcat].[localhost].[/] - Initializing Spring embedded WebApplicationContext
2023-04-30 08:38:57-504 [main] INFO  o.s.b.w.s.c.ServletWebServerApplicationContext - Root WebApplicationContext: initialization completed in 1791 ms
2023-04-30 08:39:00-961 [main] INFO  com.alibaba.druid.pool.DruidDataSource - {dataSource-1,capricorn} inited
2023-04-30 08:39:00-963 [main] INFO  c.b.dynamic.datasource.DynamicRoutingDataSource - dynamic-datasource - add a datasource named [capricorn] success
2023-04-30 08:39:00-963 [main] INFO  c.b.dynamic.datasource.DynamicRoutingDataSource - dynamic-datasource initial loaded [1] datasource,primary datasource named [capricorn]
2023-04-30 08:39:02-265 [main] INFO  org.quartz.impl.StdSchedulerFactory - Using default implementation for ThreadExecutor
2023-04-30 08:39:02-267 [main] INFO  org.quartz.simpl.SimpleThreadPool - Job execution threads will use class loader of thread: main
2023-04-30 08:39:02-278 [main] INFO  org.quartz.core.SchedulerSignalerImpl - Initialized Scheduler Signaller of type: class org.quartz.core.SchedulerSignalerImpl
2023-04-30 08:39:02-279 [main] INFO  org.quartz.core.QuartzScheduler - Quartz Scheduler v.2.3.2 created.
2023-04-30 08:39:02-281 [main] INFO  o.s.scheduling.quartz.LocalDataSourceJobStore - Using db table-based data access locking (synchronization).
2023-04-30 08:39:02-284 [main] INFO  o.s.scheduling.quartz.LocalDataSourceJobStore - JobStoreCMT initialized.
2023-04-30 08:39:02-285 [main] INFO  org.quartz.core.QuartzScheduler - Scheduler meta-data: Quartz Scheduler (v2.3.2) 'clusteredScheduler' with instanceId 'DESKTOP-6PO1T0J1682815142266'
  Scheduler class: 'org.quartz.core.QuartzScheduler' - running locally.
  NOT STARTED.
  Currently in standby mode.
  Number of jobs executed: 0
  Using thread pool 'org.quartz.simpl.SimpleThreadPool' - with 10 threads.
  Using job-store 'org.springframework.scheduling.quartz.LocalDataSourceJobStore' - which supports persistence. and is clustered.

2023-04-30 08:39:02-286 [main] INFO  org.quartz.impl.StdSchedulerFactory - Quartz scheduler 'clusteredScheduler' initialized from an externally provided properties instance.
2023-04-30 08:39:02-286 [main] INFO  org.quartz.impl.StdSchedulerFactory - Quartz scheduler version: 2.3.2
2023-04-30 08:39:02-286 [main] INFO  org.quartz.core.QuartzScheduler - JobFactory set to: org.springframework.scheduling.quartz.SpringBeanJobFactory@51ce6f85
2023-04-30 08:39:02-987 [main] INFO  org.apache.coyote.http11.Http11NioProtocol - Starting ProtocolHandler ["http-nio-8080"]
2023-04-30 08:39:03-022 [main] INFO  o.s.boot.web.embedded.tomcat.TomcatWebServer - Tomcat started on port(s): 8080 (http) with context path ''
2023-04-30 08:39:03-026 [main] INFO  o.s.scheduling.quartz.SchedulerFactoryBean - Starting Quartz Scheduler now
2023-04-30 08:39:03-188 [main] INFO  org.quartz.core.QuartzScheduler - Scheduler clusteredScheduler_$_DESKTOP-6PO1T0J1682815142266 started.
2023-04-30 08:39:03-210 [main] INFO  com.capricorn.summer.SummerApplication - Started SummerApplication in 8.408 seconds (JVM running for 9.965)
2023-04-30 08:39:09-499 [http-nio-8080-exec-1] INFO  o.a.c.core.ContainerBase.[Tomcat].[localhost].[/] - Initializing Spring DispatcherServlet 'dispatcherServlet'
2023-04-30 08:39:09-499 [http-nio-8080-exec-1] INFO  org.springframework.web.servlet.DispatcherServlet - Initializing Servlet 'dispatcherServlet'
2023-04-30 08:39:09-514 [http-nio-8080-exec-1] INFO  org.springframework.web.servlet.DispatcherServlet - Completed initialization in 14 ms
2023-04-30 08:49:14-519 [main] INFO  com.capricorn.summer.SummerApplication - Starting SummerApplication on DESKTOP-6PO1T0J with PID 9056 (D:\IDEAProjects\summer\target\classes started by CasioJie in D:\IDEAProjects\summer)
2023-04-30 08:49:14-525 [main] INFO  com.capricorn.summer.SummerApplication - No active profile set, falling back to default profiles: default
2023-04-30 08:49:16-276 [main] INFO  o.s.boot.web.embedded.tomcat.TomcatWebServer - Tomcat initialized with port(s): 8080 (http)
2023-04-30 08:49:16-287 [main] INFO  org.apache.coyote.http11.Http11NioProtocol - Initializing ProtocolHandler ["http-nio-8080"]
2023-04-30 08:49:16-288 [main] INFO  org.apache.catalina.core.StandardService - Starting service [Tomcat]
2023-04-30 08:49:16-289 [main] INFO  org.apache.catalina.core.StandardEngine - Starting Servlet engine: [Apache Tomcat/9.0.41]
2023-04-30 08:49:16-422 [main] INFO  o.a.c.core.ContainerBase.[Tomcat].[localhost].[/] - Initializing Spring embedded WebApplicationContext
2023-04-30 08:49:16-422 [main] INFO  o.s.b.w.s.c.ServletWebServerApplicationContext - Root WebApplicationContext: initialization completed in 1815 ms
2023-04-30 08:49:19-829 [main] INFO  com.alibaba.druid.pool.DruidDataSource - {dataSource-1,capricorn} inited
2023-04-30 08:49:19-831 [main] INFO  c.b.dynamic.datasource.DynamicRoutingDataSource - dynamic-datasource - add a datasource named [capricorn] success
2023-04-30 08:49:19-831 [main] INFO  c.b.dynamic.datasource.DynamicRoutingDataSource - dynamic-datasource initial loaded [1] datasource,primary datasource named [capricorn]
2023-04-30 08:49:21-241 [main] INFO  org.quartz.impl.StdSchedulerFactory - Using default implementation for ThreadExecutor
2023-04-30 08:49:21-243 [main] INFO  org.quartz.simpl.SimpleThreadPool - Job execution threads will use class loader of thread: main
2023-04-30 08:49:21-257 [main] INFO  org.quartz.core.SchedulerSignalerImpl - Initialized Scheduler Signaller of type: class org.quartz.core.SchedulerSignalerImpl
2023-04-30 08:49:21-257 [main] INFO  org.quartz.core.QuartzScheduler - Quartz Scheduler v.2.3.2 created.
2023-04-30 08:49:21-261 [main] INFO  o.s.scheduling.quartz.LocalDataSourceJobStore - Using db table-based data access locking (synchronization).
2023-04-30 08:49:21-263 [main] INFO  o.s.scheduling.quartz.LocalDataSourceJobStore - JobStoreCMT initialized.
2023-04-30 08:49:21-264 [main] INFO  org.quartz.core.QuartzScheduler - Scheduler meta-data: Quartz Scheduler (v2.3.2) 'clusteredScheduler' with instanceId 'DESKTOP-6PO1T0J1682815761243'
  Scheduler class: 'org.quartz.core.QuartzScheduler' - running locally.
  NOT STARTED.
  Currently in standby mode.
  Number of jobs executed: 0
  Using thread pool 'org.quartz.simpl.SimpleThreadPool' - with 10 threads.
  Using job-store 'org.springframework.scheduling.quartz.LocalDataSourceJobStore' - which supports persistence. and is clustered.

2023-04-30 08:49:21-264 [main] INFO  org.quartz.impl.StdSchedulerFactory - Quartz scheduler 'clusteredScheduler' initialized from an externally provided properties instance.
2023-04-30 08:49:21-264 [main] INFO  org.quartz.impl.StdSchedulerFactory - Quartz scheduler version: 2.3.2
2023-04-30 08:49:21-264 [main] INFO  org.quartz.core.QuartzScheduler - JobFactory set to: org.springframework.scheduling.quartz.SpringBeanJobFactory@27a97e08
2023-04-30 08:49:21-980 [main] INFO  org.apache.coyote.http11.Http11NioProtocol - Starting ProtocolHandler ["http-nio-8080"]
2023-04-30 08:49:22-009 [main] INFO  o.s.boot.web.embedded.tomcat.TomcatWebServer - Tomcat started on port(s): 8080 (http) with context path ''
2023-04-30 08:49:22-011 [main] INFO  o.s.scheduling.quartz.SchedulerFactoryBean - Starting Quartz Scheduler now
2023-04-30 08:49:22-207 [main] INFO  org.quartz.core.QuartzScheduler - Scheduler clusteredScheduler_$_DESKTOP-6PO1T0J1682815761243 started.
2023-04-30 08:49:22-227 [main] INFO  com.capricorn.summer.SummerApplication - Started SummerApplication in 8.606 seconds (JVM running for 10.146)
2023-04-30 08:49:30-777 [http-nio-8080-exec-1] INFO  o.a.c.core.ContainerBase.[Tomcat].[localhost].[/] - Initializing Spring DispatcherServlet 'dispatcherServlet'
2023-04-30 08:49:30-778 [http-nio-8080-exec-1] INFO  org.springframework.web.servlet.DispatcherServlet - Initializing Servlet 'dispatcherServlet'
2023-04-30 08:49:30-790 [http-nio-8080-exec-1] INFO  org.springframework.web.servlet.DispatcherServlet - Completed initialization in 12 ms
2023-04-30 08:57:28-684 [main] INFO  com.capricorn.summer.SummerApplication - Starting SummerApplication on DESKTOP-6PO1T0J with PID 8244 (D:\IDEAProjects\summer\target\classes started by CasioJie in D:\IDEAProjects\summer)
2023-04-30 08:57:28-690 [main] INFO  com.capricorn.summer.SummerApplication - No active profile set, falling back to default profiles: default
2023-04-30 08:57:30-358 [main] INFO  o.s.boot.web.embedded.tomcat.TomcatWebServer - Tomcat initialized with port(s): 8080 (http)
2023-04-30 08:57:30-370 [main] INFO  org.apache.coyote.http11.Http11NioProtocol - Initializing ProtocolHandler ["http-nio-8080"]
2023-04-30 08:57:30-371 [main] INFO  org.apache.catalina.core.StandardService - Starting service [Tomcat]
2023-04-30 08:57:30-372 [main] INFO  org.apache.catalina.core.StandardEngine - Starting Servlet engine: [Apache Tomcat/9.0.41]
2023-04-30 08:57:30-504 [main] INFO  o.a.c.core.ContainerBase.[Tomcat].[localhost].[/] - Initializing Spring embedded WebApplicationContext
2023-04-30 08:57:30-505 [main] INFO  o.s.b.w.s.c.ServletWebServerApplicationContext - Root WebApplicationContext: initialization completed in 1732 ms
2023-04-30 08:57:34-159 [main] INFO  com.alibaba.druid.pool.DruidDataSource - {dataSource-1,capricorn} inited
2023-04-30 08:57:34-161 [main] INFO  c.b.dynamic.datasource.DynamicRoutingDataSource - dynamic-datasource - add a datasource named [capricorn] success
2023-04-30 08:57:34-161 [main] INFO  c.b.dynamic.datasource.DynamicRoutingDataSource - dynamic-datasource initial loaded [1] datasource,primary datasource named [capricorn]
2023-04-30 08:57:35-458 [main] INFO  org.quartz.impl.StdSchedulerFactory - Using default implementation for ThreadExecutor
2023-04-30 08:57:35-461 [main] INFO  org.quartz.simpl.SimpleThreadPool - Job execution threads will use class loader of thread: main
2023-04-30 08:57:35-472 [main] INFO  org.quartz.core.SchedulerSignalerImpl - Initialized Scheduler Signaller of type: class org.quartz.core.SchedulerSignalerImpl
2023-04-30 08:57:35-472 [main] INFO  org.quartz.core.QuartzScheduler - Quartz Scheduler v.2.3.2 created.
2023-04-30 08:57:35-475 [main] INFO  o.s.scheduling.quartz.LocalDataSourceJobStore - Using db table-based data access locking (synchronization).
2023-04-30 08:57:35-478 [main] INFO  o.s.scheduling.quartz.LocalDataSourceJobStore - JobStoreCMT initialized.
2023-04-30 08:57:35-479 [main] INFO  org.quartz.core.QuartzScheduler - Scheduler meta-data: Quartz Scheduler (v2.3.2) 'clusteredScheduler' with instanceId 'DESKTOP-6PO1T0J1682816255459'
  Scheduler class: 'org.quartz.core.QuartzScheduler' - running locally.
  NOT STARTED.
  Currently in standby mode.
  Number of jobs executed: 0
  Using thread pool 'org.quartz.simpl.SimpleThreadPool' - with 10 threads.
  Using job-store 'org.springframework.scheduling.quartz.LocalDataSourceJobStore' - which supports persistence. and is clustered.

2023-04-30 08:57:35-479 [main] INFO  org.quartz.impl.StdSchedulerFactory - Quartz scheduler 'clusteredScheduler' initialized from an externally provided properties instance.
2023-04-30 08:57:35-479 [main] INFO  org.quartz.impl.StdSchedulerFactory - Quartz scheduler version: 2.3.2
2023-04-30 08:57:35-479 [main] INFO  org.quartz.core.QuartzScheduler - JobFactory set to: org.springframework.scheduling.quartz.SpringBeanJobFactory@51ce6f85
2023-04-30 08:57:36-185 [main] INFO  org.apache.coyote.http11.Http11NioProtocol - Starting ProtocolHandler ["http-nio-8080"]
2023-04-30 08:57:36-210 [main] INFO  o.s.boot.web.embedded.tomcat.TomcatWebServer - Tomcat started on port(s): 8080 (http) with context path ''
2023-04-30 08:57:36-212 [main] INFO  o.s.scheduling.quartz.SchedulerFactoryBean - Starting Quartz Scheduler now
2023-04-30 08:57:36-345 [main] INFO  org.quartz.core.QuartzScheduler - Scheduler clusteredScheduler_$_DESKTOP-6PO1T0J1682816255459 started.
2023-04-30 08:57:36-367 [main] INFO  com.capricorn.summer.SummerApplication - Started SummerApplication in 8.415 seconds (JVM running for 9.849)
2023-04-30 08:57:41-460 [http-nio-8080-exec-1] INFO  o.a.c.core.ContainerBase.[Tomcat].[localhost].[/] - Initializing Spring DispatcherServlet 'dispatcherServlet'
2023-04-30 08:57:41-461 [http-nio-8080-exec-1] INFO  org.springframework.web.servlet.DispatcherServlet - Initializing Servlet 'dispatcherServlet'
2023-04-30 08:57:41-472 [http-nio-8080-exec-1] INFO  org.springframework.web.servlet.DispatcherServlet - Completed initialization in 11 ms
2023-04-30 09:05:56-887 [main] INFO  com.capricorn.summer.SummerApplication - Starting SummerApplication on DESKTOP-6PO1T0J with PID 11660 (D:\IDEAProjects\summer\target\classes started by CasioJie in D:\IDEAProjects\summer)
2023-04-30 09:05:56-892 [main] INFO  com.capricorn.summer.SummerApplication - No active profile set, falling back to default profiles: default
2023-04-30 09:05:58-608 [main] INFO  o.s.boot.web.embedded.tomcat.TomcatWebServer - Tomcat initialized with port(s): 8080 (http)
2023-04-30 09:05:58-619 [main] INFO  org.apache.coyote.http11.Http11NioProtocol - Initializing ProtocolHandler ["http-nio-8080"]
2023-04-30 09:05:58-620 [main] INFO  org.apache.catalina.core.StandardService - Starting service [Tomcat]
2023-04-30 09:05:58-621 [main] INFO  org.apache.catalina.core.StandardEngine - Starting Servlet engine: [Apache Tomcat/9.0.41]
2023-04-30 09:05:58-755 [main] INFO  o.a.c.core.ContainerBase.[Tomcat].[localhost].[/] - Initializing Spring embedded WebApplicationContext
2023-04-30 09:05:58-755 [main] INFO  o.s.b.w.s.c.ServletWebServerApplicationContext - Root WebApplicationContext: initialization completed in 1762 ms
2023-04-30 09:06:01-536 [main] INFO  com.alibaba.druid.pool.DruidDataSource - {dataSource-1,capricorn} inited
2023-04-30 09:06:01-537 [main] INFO  c.b.dynamic.datasource.DynamicRoutingDataSource - dynamic-datasource - add a datasource named [capricorn] success
2023-04-30 09:06:01-537 [main] INFO  c.b.dynamic.datasource.DynamicRoutingDataSource - dynamic-datasource initial loaded [1] datasource,primary datasource named [capricorn]
2023-04-30 09:06:02-481 [main] INFO  org.quartz.impl.StdSchedulerFactory - Using default implementation for ThreadExecutor
2023-04-30 09:06:02-483 [main] INFO  org.quartz.simpl.SimpleThreadPool - Job execution threads will use class loader of thread: main
2023-04-30 09:06:02-493 [main] INFO  org.quartz.core.SchedulerSignalerImpl - Initialized Scheduler Signaller of type: class org.quartz.core.SchedulerSignalerImpl
2023-04-30 09:06:02-494 [main] INFO  org.quartz.core.QuartzScheduler - Quartz Scheduler v.2.3.2 created.
2023-04-30 09:06:02-496 [main] INFO  o.s.scheduling.quartz.LocalDataSourceJobStore - Using db table-based data access locking (synchronization).
2023-04-30 09:06:02-499 [main] INFO  o.s.scheduling.quartz.LocalDataSourceJobStore - JobStoreCMT initialized.
2023-04-30 09:06:02-500 [main] INFO  org.quartz.core.QuartzScheduler - Scheduler meta-data: Quartz Scheduler (v2.3.2) 'clusteredScheduler' with instanceId 'DESKTOP-6PO1T0J1682816762482'
  Scheduler class: 'org.quartz.core.QuartzScheduler' - running locally.
  NOT STARTED.
  Currently in standby mode.
  Number of jobs executed: 0
  Using thread pool 'org.quartz.simpl.SimpleThreadPool' - with 10 threads.
  Using job-store 'org.springframework.scheduling.quartz.LocalDataSourceJobStore' - which supports persistence. and is clustered.

2023-04-30 09:06:02-500 [main] INFO  org.quartz.impl.StdSchedulerFactory - Quartz scheduler 'clusteredScheduler' initialized from an externally provided properties instance.
2023-04-30 09:06:02-500 [main] INFO  org.quartz.impl.StdSchedulerFactory - Quartz scheduler version: 2.3.2
2023-04-30 09:06:02-500 [main] INFO  org.quartz.core.QuartzScheduler - JobFactory set to: org.springframework.scheduling.quartz.SpringBeanJobFactory@554cd74a
2023-04-30 09:06:03-168 [main] INFO  org.apache.coyote.http11.Http11NioProtocol - Starting ProtocolHandler ["http-nio-8080"]
2023-04-30 09:06:03-194 [main] INFO  o.s.boot.web.embedded.tomcat.TomcatWebServer - Tomcat started on port(s): 8080 (http) with context path ''
2023-04-30 09:06:03-196 [main] INFO  o.s.scheduling.quartz.SchedulerFactoryBean - Starting Quartz Scheduler now
2023-04-30 09:06:03-305 [main] INFO  org.quartz.core.QuartzScheduler - Scheduler clusteredScheduler_$_DESKTOP-6PO1T0J1682816762482 started.
2023-04-30 09:06:03-324 [main] INFO  com.capricorn.summer.SummerApplication - Started SummerApplication in 7.143 seconds (JVM running for 8.589)
2023-04-30 09:06:06-654 [http-nio-8080-exec-1] INFO  o.a.c.core.ContainerBase.[Tomcat].[localhost].[/] - Initializing Spring DispatcherServlet 'dispatcherServlet'
2023-04-30 09:06:06-655 [http-nio-8080-exec-1] INFO  org.springframework.web.servlet.DispatcherServlet - Initializing Servlet 'dispatcherServlet'
2023-04-30 09:06:06-666 [http-nio-8080-exec-1] INFO  org.springframework.web.servlet.DispatcherServlet - Completed initialization in 11 ms
2023-04-30 09:07:02-296 [main] INFO  com.capricorn.summer.SummerApplication - Starting SummerApplication on DESKTOP-6PO1T0J with PID 2808 (D:\IDEAProjects\summer\target\classes started by CasioJie in D:\IDEAProjects\summer)
2023-04-30 09:07:02-302 [main] INFO  com.capricorn.summer.SummerApplication - No active profile set, falling back to default profiles: default
2023-04-30 09:07:03-854 [main] INFO  o.s.boot.web.embedded.tomcat.TomcatWebServer - Tomcat initialized with port(s): 8080 (http)
2023-04-30 09:07:03-866 [main] INFO  org.apache.coyote.http11.Http11NioProtocol - Initializing ProtocolHandler ["http-nio-8080"]
2023-04-30 09:07:03-868 [main] INFO  org.apache.catalina.core.StandardService - Starting service [Tomcat]
2023-04-30 09:07:03-869 [main] INFO  org.apache.catalina.core.StandardEngine - Starting Servlet engine: [Apache Tomcat/9.0.41]
2023-04-30 09:07:03-994 [main] INFO  o.a.c.core.ContainerBase.[Tomcat].[localhost].[/] - Initializing Spring embedded WebApplicationContext
2023-04-30 09:07:03-994 [main] INFO  o.s.b.w.s.c.ServletWebServerApplicationContext - Root WebApplicationContext: initialization completed in 1614 ms
2023-04-30 09:07:06-703 [main] INFO  com.alibaba.druid.pool.DruidDataSource - {dataSource-1,capricorn} inited
2023-04-30 09:07:06-704 [main] INFO  c.b.dynamic.datasource.DynamicRoutingDataSource - dynamic-datasource - add a datasource named [capricorn] success
2023-04-30 09:07:06-704 [main] INFO  c.b.dynamic.datasource.DynamicRoutingDataSource - dynamic-datasource initial loaded [1] datasource,primary datasource named [capricorn]
2023-04-30 09:07:07-648 [main] INFO  org.quartz.impl.StdSchedulerFactory - Using default implementation for ThreadExecutor
2023-04-30 09:07:07-650 [main] INFO  org.quartz.simpl.SimpleThreadPool - Job execution threads will use class loader of thread: main
2023-04-30 09:07:07-660 [main] INFO  org.quartz.core.SchedulerSignalerImpl - Initialized Scheduler Signaller of type: class org.quartz.core.SchedulerSignalerImpl
2023-04-30 09:07:07-660 [main] INFO  org.quartz.core.QuartzScheduler - Quartz Scheduler v.2.3.2 created.
2023-04-30 09:07:07-663 [main] INFO  o.s.scheduling.quartz.LocalDataSourceJobStore - Using db table-based data access locking (synchronization).
2023-04-30 09:07:07-665 [main] INFO  o.s.scheduling.quartz.LocalDataSourceJobStore - JobStoreCMT initialized.
2023-04-30 09:07:07-667 [main] INFO  org.quartz.core.QuartzScheduler - Scheduler meta-data: Quartz Scheduler (v2.3.2) 'clusteredScheduler' with instanceId 'DESKTOP-6PO1T0J1682816827649'
  Scheduler class: 'org.quartz.core.QuartzScheduler' - running locally.
  NOT STARTED.
  Currently in standby mode.
  Number of jobs executed: 0
  Using thread pool 'org.quartz.simpl.SimpleThreadPool' - with 10 threads.
  Using job-store 'org.springframework.scheduling.quartz.LocalDataSourceJobStore' - which supports persistence. and is clustered.

2023-04-30 09:07:07-667 [main] INFO  org.quartz.impl.StdSchedulerFactory - Quartz scheduler 'clusteredScheduler' initialized from an externally provided properties instance.
2023-04-30 09:07:07-667 [main] INFO  org.quartz.impl.StdSchedulerFactory - Quartz scheduler version: 2.3.2
2023-04-30 09:07:07-667 [main] INFO  org.quartz.core.QuartzScheduler - JobFactory set to: org.springframework.scheduling.quartz.SpringBeanJobFactory@23382f76
2023-04-30 09:07:08-300 [main] INFO  org.apache.coyote.http11.Http11NioProtocol - Starting ProtocolHandler ["http-nio-8080"]
2023-04-30 09:07:08-324 [main] INFO  o.s.boot.web.embedded.tomcat.TomcatWebServer - Tomcat started on port(s): 8080 (http) with context path ''
2023-04-30 09:07:08-326 [main] INFO  o.s.scheduling.quartz.SchedulerFactoryBean - Starting Quartz Scheduler now
2023-04-30 09:07:08-439 [main] INFO  org.quartz.core.QuartzScheduler - Scheduler clusteredScheduler_$_DESKTOP-6PO1T0J1682816827649 started.
2023-04-30 09:07:08-467 [main] INFO  com.capricorn.summer.SummerApplication - Started SummerApplication in 6.944 seconds (JVM running for 8.323)
2023-04-30 09:07:18-660 [http-nio-8080-exec-1] INFO  o.a.c.core.ContainerBase.[Tomcat].[localhost].[/] - Initializing Spring DispatcherServlet 'dispatcherServlet'
2023-04-30 09:07:18-660 [http-nio-8080-exec-1] INFO  org.springframework.web.servlet.DispatcherServlet - Initializing Servlet 'dispatcherServlet'
2023-04-30 09:07:18-671 [http-nio-8080-exec-1] INFO  org.springframework.web.servlet.DispatcherServlet - Completed initialization in 11 ms
2023-04-30 09:10:55-546 [main] INFO  com.capricorn.summer.SummerApplication - Starting SummerApplication on DESKTOP-6PO1T0J with PID 3052 (D:\IDEAProjects\summer\target\classes started by CasioJie in D:\IDEAProjects\summer)
2023-04-30 09:10:55-551 [main] INFO  com.capricorn.summer.SummerApplication - No active profile set, falling back to default profiles: default
2023-04-30 09:10:57-261 [main] INFO  o.s.boot.web.embedded.tomcat.TomcatWebServer - Tomcat initialized with port(s): 8080 (http)
2023-04-30 09:10:57-273 [main] INFO  org.apache.coyote.http11.Http11NioProtocol - Initializing ProtocolHandler ["http-nio-8080"]
2023-04-30 09:10:57-274 [main] INFO  org.apache.catalina.core.StandardService - Starting service [Tomcat]
2023-04-30 09:10:57-275 [main] INFO  org.apache.catalina.core.StandardEngine - Starting Servlet engine: [Apache Tomcat/9.0.41]
2023-04-30 09:10:57-411 [main] INFO  o.a.c.core.ContainerBase.[Tomcat].[localhost].[/] - Initializing Spring embedded WebApplicationContext
2023-04-30 09:10:57-411 [main] INFO  o.s.b.w.s.c.ServletWebServerApplicationContext - Root WebApplicationContext: initialization completed in 1775 ms
2023-04-30 09:11:00-099 [main] INFO  com.alibaba.druid.pool.DruidDataSource - {dataSource-1,capricorn} inited
2023-04-30 09:11:00-100 [main] INFO  c.b.dynamic.datasource.DynamicRoutingDataSource - dynamic-datasource - add a datasource named [capricorn] success
2023-04-30 09:11:00-101 [main] INFO  c.b.dynamic.datasource.DynamicRoutingDataSource - dynamic-datasource initial loaded [1] datasource,primary datasource named [capricorn]
2023-04-30 09:11:00-993 [main] INFO  org.quartz.impl.StdSchedulerFactory - Using default implementation for ThreadExecutor
2023-04-30 09:11:00-995 [main] INFO  org.quartz.simpl.SimpleThreadPool - Job execution threads will use class loader of thread: main
2023-04-30 09:11:01-005 [main] INFO  org.quartz.core.SchedulerSignalerImpl - Initialized Scheduler Signaller of type: class org.quartz.core.SchedulerSignalerImpl
2023-04-30 09:11:01-005 [main] INFO  org.quartz.core.QuartzScheduler - Quartz Scheduler v.2.3.2 created.
2023-04-30 09:11:01-008 [main] INFO  o.s.scheduling.quartz.LocalDataSourceJobStore - Using db table-based data access locking (synchronization).
2023-04-30 09:11:01-010 [main] INFO  o.s.scheduling.quartz.LocalDataSourceJobStore - JobStoreCMT initialized.
2023-04-30 09:11:01-011 [main] INFO  org.quartz.core.QuartzScheduler - Scheduler meta-data: Quartz Scheduler (v2.3.2) 'clusteredScheduler' with instanceId 'DESKTOP-6PO1T0J1682817060995'
  Scheduler class: 'org.quartz.core.QuartzScheduler' - running locally.
  NOT STARTED.
  Currently in standby mode.
  Number of jobs executed: 0
  Using thread pool 'org.quartz.simpl.SimpleThreadPool' - with 10 threads.
  Using job-store 'org.springframework.scheduling.quartz.LocalDataSourceJobStore' - which supports persistence. and is clustered.

2023-04-30 09:11:01-011 [main] INFO  org.quartz.impl.StdSchedulerFactory - Quartz scheduler 'clusteredScheduler' initialized from an externally provided properties instance.
2023-04-30 09:11:01-011 [main] INFO  org.quartz.impl.StdSchedulerFactory - Quartz scheduler version: 2.3.2
2023-04-30 09:11:01-011 [main] INFO  org.quartz.core.QuartzScheduler - JobFactory set to: org.springframework.scheduling.quartz.SpringBeanJobFactory@1f44ddab
2023-04-30 09:11:01-735 [main] INFO  org.apache.coyote.http11.Http11NioProtocol - Starting ProtocolHandler ["http-nio-8080"]
2023-04-30 09:11:01-760 [main] INFO  o.s.boot.web.embedded.tomcat.TomcatWebServer - Tomcat started on port(s): 8080 (http) with context path ''
2023-04-30 09:11:01-763 [main] INFO  o.s.scheduling.quartz.SchedulerFactoryBean - Starting Quartz Scheduler now
2023-04-30 09:11:02-150 [main] INFO  org.quartz.core.QuartzScheduler - Scheduler clusteredScheduler_$_DESKTOP-6PO1T0J1682817060995 started.
2023-04-30 09:11:02-168 [main] INFO  com.capricorn.summer.SummerApplication - Started SummerApplication in 7.289 seconds (JVM running for 8.584)
2023-04-30 09:11:04-677 [http-nio-8080-exec-1] INFO  o.a.c.core.ContainerBase.[Tomcat].[localhost].[/] - Initializing Spring DispatcherServlet 'dispatcherServlet'
2023-04-30 09:11:04-677 [http-nio-8080-exec-1] INFO  org.springframework.web.servlet.DispatcherServlet - Initializing Servlet 'dispatcherServlet'
2023-04-30 09:11:04-685 [http-nio-8080-exec-1] INFO  org.springframework.web.servlet.DispatcherServlet - Completed initialization in 8 ms
2023-04-30 09:12:23-220 [main] INFO  com.capricorn.summer.SummerApplication - Starting SummerApplication on DESKTOP-6PO1T0J with PID 9372 (D:\IDEAProjects\summer\target\classes started by CasioJie in D:\IDEAProjects\summer)
2023-04-30 09:12:23-225 [main] INFO  com.capricorn.summer.SummerApplication - No active profile set, falling back to default profiles: default
2023-04-30 09:12:24-827 [main] INFO  o.s.boot.web.embedded.tomcat.TomcatWebServer - Tomcat initialized with port(s): 8080 (http)
2023-04-30 09:12:24-837 [main] INFO  org.apache.coyote.http11.Http11NioProtocol - Initializing ProtocolHandler ["http-nio-8080"]
2023-04-30 09:12:24-838 [main] INFO  org.apache.catalina.core.StandardService - Starting service [Tomcat]
2023-04-30 09:12:24-839 [main] INFO  org.apache.catalina.core.StandardEngine - Starting Servlet engine: [Apache Tomcat/9.0.41]
2023-04-30 09:12:24-960 [main] INFO  o.a.c.core.ContainerBase.[Tomcat].[localhost].[/] - Initializing Spring embedded WebApplicationContext
2023-04-30 09:12:24-960 [main] INFO  o.s.b.w.s.c.ServletWebServerApplicationContext - Root WebApplicationContext: initialization completed in 1668 ms
2023-04-30 09:12:27-707 [main] INFO  com.alibaba.druid.pool.DruidDataSource - {dataSource-1,capricorn} inited
2023-04-30 09:12:27-708 [main] INFO  c.b.dynamic.datasource.DynamicRoutingDataSource - dynamic-datasource - add a datasource named [capricorn] success
2023-04-30 09:12:27-709 [main] INFO  c.b.dynamic.datasource.DynamicRoutingDataSource - dynamic-datasource initial loaded [1] datasource,primary datasource named [capricorn]
2023-04-30 09:12:28-567 [main] INFO  org.quartz.impl.StdSchedulerFactory - Using default implementation for ThreadExecutor
2023-04-30 09:12:28-569 [main] INFO  org.quartz.simpl.SimpleThreadPool - Job execution threads will use class loader of thread: main
2023-04-30 09:12:28-580 [main] INFO  org.quartz.core.SchedulerSignalerImpl - Initialized Scheduler Signaller of type: class org.quartz.core.SchedulerSignalerImpl
2023-04-30 09:12:28-580 [main] INFO  org.quartz.core.QuartzScheduler - Quartz Scheduler v.2.3.2 created.
2023-04-30 09:12:28-583 [main] INFO  o.s.scheduling.quartz.LocalDataSourceJobStore - Using db table-based data access locking (synchronization).
2023-04-30 09:12:28-585 [main] INFO  o.s.scheduling.quartz.LocalDataSourceJobStore - JobStoreCMT initialized.
2023-04-30 09:12:28-586 [main] INFO  org.quartz.core.QuartzScheduler - Scheduler meta-data: Quartz Scheduler (v2.3.2) 'clusteredScheduler' with instanceId 'DESKTOP-6PO1T0J1682817148569'
  Scheduler class: 'org.quartz.core.QuartzScheduler' - running locally.
  NOT STARTED.
  Currently in standby mode.
  Number of jobs executed: 0
  Using thread pool 'org.quartz.simpl.SimpleThreadPool' - with 10 threads.
  Using job-store 'org.springframework.scheduling.quartz.LocalDataSourceJobStore' - which supports persistence. and is clustered.

2023-04-30 09:12:28-586 [main] INFO  org.quartz.impl.StdSchedulerFactory - Quartz scheduler 'clusteredScheduler' initialized from an externally provided properties instance.
2023-04-30 09:12:28-586 [main] INFO  org.quartz.impl.StdSchedulerFactory - Quartz scheduler version: 2.3.2
2023-04-30 09:12:28-586 [main] INFO  org.quartz.core.QuartzScheduler - JobFactory set to: org.springframework.scheduling.quartz.SpringBeanJobFactory@5918c260
2023-04-30 09:12:29-210 [main] INFO  org.apache.coyote.http11.Http11NioProtocol - Starting ProtocolHandler ["http-nio-8080"]
2023-04-30 09:12:29-234 [main] INFO  o.s.boot.web.embedded.tomcat.TomcatWebServer - Tomcat started on port(s): 8080 (http) with context path ''
2023-04-30 09:12:29-235 [main] INFO  o.s.scheduling.quartz.SchedulerFactoryBean - Starting Quartz Scheduler now
2023-04-30 09:12:29-403 [main] INFO  org.quartz.core.QuartzScheduler - Scheduler clusteredScheduler_$_DESKTOP-6PO1T0J1682817148569 started.
2023-04-30 09:12:29-422 [main] INFO  com.capricorn.summer.SummerApplication - Started SummerApplication in 6.93 seconds (JVM running for 8.298)
2023-04-30 09:12:47-244 [main] INFO  com.capricorn.summer.SummerApplication - Starting SummerApplication on DESKTOP-6PO1T0J with PID 9744 (D:\IDEAProjects\summer\target\classes started by CasioJie in D:\IDEAProjects\summer)
2023-04-30 09:12:47-249 [main] INFO  com.capricorn.summer.SummerApplication - No active profile set, falling back to default profiles: default
2023-04-30 09:12:48-747 [main] INFO  o.s.boot.web.embedded.tomcat.TomcatWebServer - Tomcat initialized with port(s): 8080 (http)
2023-04-30 09:12:48-757 [main] INFO  org.apache.coyote.http11.Http11NioProtocol - Initializing ProtocolHandler ["http-nio-8080"]
2023-04-30 09:12:48-759 [main] INFO  org.apache.catalina.core.StandardService - Starting service [Tomcat]
2023-04-30 09:12:48-759 [main] INFO  org.apache.catalina.core.StandardEngine - Starting Servlet engine: [Apache Tomcat/9.0.41]
2023-04-30 09:12:48-874 [main] INFO  o.a.c.core.ContainerBase.[Tomcat].[localhost].[/] - Initializing Spring embedded WebApplicationContext
2023-04-30 09:12:48-875 [main] INFO  o.s.b.w.s.c.ServletWebServerApplicationContext - Root WebApplicationContext: initialization completed in 1556 ms
2023-04-30 09:12:51-502 [main] INFO  com.alibaba.druid.pool.DruidDataSource - {dataSource-1,capricorn} inited
2023-04-30 09:12:51-503 [main] INFO  c.b.dynamic.datasource.DynamicRoutingDataSource - dynamic-datasource - add a datasource named [capricorn] success
2023-04-30 09:12:51-504 [main] INFO  c.b.dynamic.datasource.DynamicRoutingDataSource - dynamic-datasource initial loaded [1] datasource,primary datasource named [capricorn]
2023-04-30 09:12:52-396 [main] INFO  org.quartz.impl.StdSchedulerFactory - Using default implementation for ThreadExecutor
2023-04-30 09:12:52-398 [main] INFO  org.quartz.simpl.SimpleThreadPool - Job execution threads will use class loader of thread: main
2023-04-30 09:12:52-408 [main] INFO  org.quartz.core.SchedulerSignalerImpl - Initialized Scheduler Signaller of type: class org.quartz.core.SchedulerSignalerImpl
2023-04-30 09:12:52-408 [main] INFO  org.quartz.core.QuartzScheduler - Quartz Scheduler v.2.3.2 created.
2023-04-30 09:12:52-411 [main] INFO  o.s.scheduling.quartz.LocalDataSourceJobStore - Using db table-based data access locking (synchronization).
2023-04-30 09:12:52-413 [main] INFO  o.s.scheduling.quartz.LocalDataSourceJobStore - JobStoreCMT initialized.
2023-04-30 09:12:52-414 [main] INFO  org.quartz.core.QuartzScheduler - Scheduler meta-data: Quartz Scheduler (v2.3.2) 'clusteredScheduler' with instanceId 'DESKTOP-6PO1T0J1682817172397'
  Scheduler class: 'org.quartz.core.QuartzScheduler' - running locally.
  NOT STARTED.
  Currently in standby mode.
  Number of jobs executed: 0
  Using thread pool 'org.quartz.simpl.SimpleThreadPool' - with 10 threads.
  Using job-store 'org.springframework.scheduling.quartz.LocalDataSourceJobStore' - which supports persistence. and is clustered.

2023-04-30 09:12:52-414 [main] INFO  org.quartz.impl.StdSchedulerFactory - Quartz scheduler 'clusteredScheduler' initialized from an externally provided properties instance.
2023-04-30 09:12:52-414 [main] INFO  org.quartz.impl.StdSchedulerFactory - Quartz scheduler version: 2.3.2
2023-04-30 09:12:52-414 [main] INFO  org.quartz.core.QuartzScheduler - JobFactory set to: org.springframework.scheduling.quartz.SpringBeanJobFactory@4726927c
2023-04-30 09:12:53-009 [main] INFO  org.apache.coyote.http11.Http11NioProtocol - Starting ProtocolHandler ["http-nio-8080"]
2023-04-30 09:12:53-034 [main] INFO  o.s.boot.web.embedded.tomcat.TomcatWebServer - Tomcat started on port(s): 8080 (http) with context path ''
2023-04-30 09:12:53-036 [main] INFO  o.s.scheduling.quartz.SchedulerFactoryBean - Starting Quartz Scheduler now
2023-04-30 09:12:53-205 [main] INFO  org.quartz.core.QuartzScheduler - Scheduler clusteredScheduler_$_DESKTOP-6PO1T0J1682817172397 started.
2023-04-30 09:12:53-223 [main] INFO  com.capricorn.summer.SummerApplication - Started SummerApplication in 6.693 seconds (JVM running for 8.016)
2023-04-30 09:12:57-917 [http-nio-8080-exec-1] INFO  o.a.c.core.ContainerBase.[Tomcat].[localhost].[/] - Initializing Spring DispatcherServlet 'dispatcherServlet'
2023-04-30 09:12:57-918 [http-nio-8080-exec-1] INFO  org.springframework.web.servlet.DispatcherServlet - Initializing Servlet 'dispatcherServlet'
2023-04-30 09:12:57-926 [http-nio-8080-exec-1] INFO  org.springframework.web.servlet.DispatcherServlet - Completed initialization in 8 ms
2023-04-30 09:13:52-490 [main] INFO  com.capricorn.summer.SummerApplication - Starting SummerApplication on DESKTOP-6PO1T0J with PID 13856 (D:\IDEAProjects\summer\target\classes started by CasioJie in D:\IDEAProjects\summer)
2023-04-30 09:13:52-495 [main] INFO  com.capricorn.summer.SummerApplication - No active profile set, falling back to default profiles: default
2023-04-30 09:13:53-975 [main] INFO  o.s.boot.web.embedded.tomcat.TomcatWebServer - Tomcat initialized with port(s): 8080 (http)
2023-04-30 09:13:53-985 [main] INFO  org.apache.coyote.http11.Http11NioProtocol - Initializing ProtocolHandler ["http-nio-8080"]
2023-04-30 09:13:53-986 [main] INFO  org.apache.catalina.core.StandardService - Starting service [Tomcat]
2023-04-30 09:13:53-986 [main] INFO  org.apache.catalina.core.StandardEngine - Starting Servlet engine: [Apache Tomcat/9.0.41]
2023-04-30 09:13:54-107 [main] INFO  o.a.c.core.ContainerBase.[Tomcat].[localhost].[/] - Initializing Spring embedded WebApplicationContext
2023-04-30 09:13:54-107 [main] INFO  o.s.b.w.s.c.ServletWebServerApplicationContext - Root WebApplicationContext: initialization completed in 1543 ms
2023-04-30 09:13:56-701 [main] INFO  com.alibaba.druid.pool.DruidDataSource - {dataSource-1,capricorn} inited
2023-04-30 09:13:56-702 [main] INFO  c.b.dynamic.datasource.DynamicRoutingDataSource - dynamic-datasource - add a datasource named [capricorn] success
2023-04-30 09:13:56-703 [main] INFO  c.b.dynamic.datasource.DynamicRoutingDataSource - dynamic-datasource initial loaded [1] datasource,primary datasource named [capricorn]
2023-04-30 09:13:57-583 [main] INFO  org.quartz.impl.StdSchedulerFactory - Using default implementation for ThreadExecutor
2023-04-30 09:13:57-584 [main] INFO  org.quartz.simpl.SimpleThreadPool - Job execution threads will use class loader of thread: main
2023-04-30 09:13:57-595 [main] INFO  org.quartz.core.SchedulerSignalerImpl - Initialized Scheduler Signaller of type: class org.quartz.core.SchedulerSignalerImpl
2023-04-30 09:13:57-595 [main] INFO  org.quartz.core.QuartzScheduler - Quartz Scheduler v.2.3.2 created.
2023-04-30 09:13:57-598 [main] INFO  o.s.scheduling.quartz.LocalDataSourceJobStore - Using db table-based data access locking (synchronization).
2023-04-30 09:13:57-599 [main] INFO  o.s.scheduling.quartz.LocalDataSourceJobStore - JobStoreCMT initialized.
2023-04-30 09:13:57-601 [main] INFO  org.quartz.core.QuartzScheduler - Scheduler meta-data: Quartz Scheduler (v2.3.2) 'clusteredScheduler' with instanceId 'DESKTOP-6PO1T0J1682817237584'
  Scheduler class: 'org.quartz.core.QuartzScheduler' - running locally.
  NOT STARTED.
  Currently in standby mode.
  Number of jobs executed: 0
  Using thread pool 'org.quartz.simpl.SimpleThreadPool' - with 10 threads.
  Using job-store 'org.springframework.scheduling.quartz.LocalDataSourceJobStore' - which supports persistence. and is clustered.

2023-04-30 09:13:57-601 [main] INFO  org.quartz.impl.StdSchedulerFactory - Quartz scheduler 'clusteredScheduler' initialized from an externally provided properties instance.
2023-04-30 09:13:57-601 [main] INFO  org.quartz.impl.StdSchedulerFactory - Quartz scheduler version: 2.3.2
2023-04-30 09:13:57-601 [main] INFO  org.quartz.core.QuartzScheduler - JobFactory set to: org.springframework.scheduling.quartz.SpringBeanJobFactory@379ce046
2023-04-30 09:13:58-228 [main] INFO  org.apache.coyote.http11.Http11NioProtocol - Starting ProtocolHandler ["http-nio-8080"]
2023-04-30 09:13:58-255 [main] INFO  o.s.boot.web.embedded.tomcat.TomcatWebServer - Tomcat started on port(s): 8080 (http) with context path ''
2023-04-30 09:13:58-258 [main] INFO  o.s.scheduling.quartz.SchedulerFactoryBean - Starting Quartz Scheduler now
2023-04-30 09:13:58-452 [main] INFO  org.quartz.core.QuartzScheduler - Scheduler clusteredScheduler_$_DESKTOP-6PO1T0J1682817237584 started.
2023-04-30 09:13:58-475 [main] INFO  com.capricorn.summer.SummerApplication - Started SummerApplication in 6.701 seconds (JVM running for 8.013)
2023-04-30 09:14:05-129 [http-nio-8080-exec-1] INFO  o.a.c.core.ContainerBase.[Tomcat].[localhost].[/] - Initializing Spring DispatcherServlet 'dispatcherServlet'
2023-04-30 09:14:05-129 [http-nio-8080-exec-1] INFO  org.springframework.web.servlet.DispatcherServlet - Initializing Servlet 'dispatcherServlet'
2023-04-30 09:14:05-141 [http-nio-8080-exec-1] INFO  org.springframework.web.servlet.DispatcherServlet - Completed initialization in 12 ms
2023-04-30 09:14:36-974 [main] INFO  com.capricorn.summer.SummerApplication - Starting SummerApplication on DESKTOP-6PO1T0J with PID 2552 (D:\IDEAProjects\summer\target\classes started by CasioJie in D:\IDEAProjects\summer)
2023-04-30 09:14:36-988 [main] INFO  com.capricorn.summer.SummerApplication - No active profile set, falling back to default profiles: default
2023-04-30 09:14:38-504 [main] INFO  o.s.boot.web.embedded.tomcat.TomcatWebServer - Tomcat initialized with port(s): 8080 (http)
2023-04-30 09:14:38-515 [main] INFO  org.apache.coyote.http11.Http11NioProtocol - Initializing ProtocolHandler ["http-nio-8080"]
2023-04-30 09:14:38-516 [main] INFO  org.apache.catalina.core.StandardService - Starting service [Tomcat]
2023-04-30 09:14:38-516 [main] INFO  org.apache.catalina.core.StandardEngine - Starting Servlet engine: [Apache Tomcat/9.0.41]
2023-04-30 09:14:38-633 [main] INFO  o.a.c.core.ContainerBase.[Tomcat].[localhost].[/] - Initializing Spring embedded WebApplicationContext
2023-04-30 09:14:38-634 [main] INFO  o.s.b.w.s.c.ServletWebServerApplicationContext - Root WebApplicationContext: initialization completed in 1573 ms
2023-04-30 09:14:41-335 [main] INFO  com.alibaba.druid.pool.DruidDataSource - {dataSource-1,capricorn} inited
2023-04-30 09:14:41-336 [main] INFO  c.b.dynamic.datasource.DynamicRoutingDataSource - dynamic-datasource - add a datasource named [capricorn] success
2023-04-30 09:14:41-336 [main] INFO  c.b.dynamic.datasource.DynamicRoutingDataSource - dynamic-datasource initial loaded [1] datasource,primary datasource named [capricorn]
2023-04-30 09:14:42-192 [main] INFO  org.quartz.impl.StdSchedulerFactory - Using default implementation for ThreadExecutor
2023-04-30 09:14:42-195 [main] INFO  org.quartz.simpl.SimpleThreadPool - Job execution threads will use class loader of thread: main
2023-04-30 09:14:42-204 [main] INFO  org.quartz.core.SchedulerSignalerImpl - Initialized Scheduler Signaller of type: class org.quartz.core.SchedulerSignalerImpl
2023-04-30 09:14:42-204 [main] INFO  org.quartz.core.QuartzScheduler - Quartz Scheduler v.2.3.2 created.
2023-04-30 09:14:42-207 [main] INFO  o.s.scheduling.quartz.LocalDataSourceJobStore - Using db table-based data access locking (synchronization).
2023-04-30 09:14:42-209 [main] INFO  o.s.scheduling.quartz.LocalDataSourceJobStore - JobStoreCMT initialized.
2023-04-30 09:14:42-209 [main] INFO  org.quartz.core.QuartzScheduler - Scheduler meta-data: Quartz Scheduler (v2.3.2) 'clusteredScheduler' with instanceId 'DESKTOP-6PO1T0J1682817282193'
  Scheduler class: 'org.quartz.core.QuartzScheduler' - running locally.
  NOT STARTED.
  Currently in standby mode.
  Number of jobs executed: 0
  Using thread pool 'org.quartz.simpl.SimpleThreadPool' - with 10 threads.
  Using job-store 'org.springframework.scheduling.quartz.LocalDataSourceJobStore' - which supports persistence. and is clustered.

2023-04-30 09:14:42-210 [main] INFO  org.quartz.impl.StdSchedulerFactory - Quartz scheduler 'clusteredScheduler' initialized from an externally provided properties instance.
2023-04-30 09:14:42-210 [main] INFO  org.quartz.impl.StdSchedulerFactory - Quartz scheduler version: 2.3.2
2023-04-30 09:14:42-210 [main] INFO  org.quartz.core.QuartzScheduler - JobFactory set to: org.springframework.scheduling.quartz.SpringBeanJobFactory@37ed010a
2023-04-30 09:14:42-803 [main] INFO  org.apache.coyote.http11.Http11NioProtocol - Starting ProtocolHandler ["http-nio-8080"]
2023-04-30 09:14:42-827 [main] INFO  o.s.boot.web.embedded.tomcat.TomcatWebServer - Tomcat started on port(s): 8080 (http) with context path ''
2023-04-30 09:14:42-829 [main] INFO  o.s.scheduling.quartz.SchedulerFactoryBean - Starting Quartz Scheduler now
2023-04-30 09:14:43-018 [main] INFO  org.quartz.core.QuartzScheduler - Scheduler clusteredScheduler_$_DESKTOP-6PO1T0J1682817282193 started.
2023-04-30 09:14:43-037 [main] INFO  com.capricorn.summer.SummerApplication - Started SummerApplication in 6.795 seconds (JVM running for 8.051)
2023-04-30 09:14:47-861 [http-nio-8080-exec-1] INFO  o.a.c.core.ContainerBase.[Tomcat].[localhost].[/] - Initializing Spring DispatcherServlet 'dispatcherServlet'
2023-04-30 09:14:47-861 [http-nio-8080-exec-1] INFO  org.springframework.web.servlet.DispatcherServlet - Initializing Servlet 'dispatcherServlet'
2023-04-30 09:14:47-870 [http-nio-8080-exec-1] INFO  org.springframework.web.servlet.DispatcherServlet - Completed initialization in 9 ms
2023-04-30 09:15:13-999 [main] INFO  com.capricorn.summer.SummerApplication - Starting SummerApplication on DESKTOP-6PO1T0J with PID 96 (D:\IDEAProjects\summer\target\classes started by CasioJie in D:\IDEAProjects\summer)
2023-04-30 09:15:14-005 [main] INFO  com.capricorn.summer.SummerApplication - No active profile set, falling back to default profiles: default
2023-04-30 09:15:15-846 [main] INFO  o.s.boot.web.embedded.tomcat.TomcatWebServer - Tomcat initialized with port(s): 8080 (http)
2023-04-30 09:15:15-856 [main] INFO  org.apache.coyote.http11.Http11NioProtocol - Initializing ProtocolHandler ["http-nio-8080"]
2023-04-30 09:15:15-857 [main] INFO  org.apache.catalina.core.StandardService - Starting service [Tomcat]
2023-04-30 09:15:15-857 [main] INFO  org.apache.catalina.core.StandardEngine - Starting Servlet engine: [Apache Tomcat/9.0.41]
2023-04-30 09:15:15-985 [main] INFO  o.a.c.core.ContainerBase.[Tomcat].[localhost].[/] - Initializing Spring embedded WebApplicationContext
2023-04-30 09:15:15-986 [main] INFO  o.s.b.w.s.c.ServletWebServerApplicationContext - Root WebApplicationContext: initialization completed in 1902 ms
2023-04-30 09:15:18-774 [main] INFO  com.alibaba.druid.pool.DruidDataSource - {dataSource-1,capricorn} inited
2023-04-30 09:15:18-775 [main] INFO  c.b.dynamic.datasource.DynamicRoutingDataSource - dynamic-datasource - add a datasource named [capricorn] success
2023-04-30 09:15:18-776 [main] INFO  c.b.dynamic.datasource.DynamicRoutingDataSource - dynamic-datasource initial loaded [1] datasource,primary datasource named [capricorn]
2023-04-30 09:15:19-859 [main] INFO  org.quartz.impl.StdSchedulerFactory - Using default implementation for ThreadExecutor
2023-04-30 09:15:19-862 [main] INFO  org.quartz.simpl.SimpleThreadPool - Job execution threads will use class loader of thread: main
2023-04-30 09:15:19-876 [main] INFO  org.quartz.core.SchedulerSignalerImpl - Initialized Scheduler Signaller of type: class org.quartz.core.SchedulerSignalerImpl
2023-04-30 09:15:19-876 [main] INFO  org.quartz.core.QuartzScheduler - Quartz Scheduler v.2.3.2 created.
2023-04-30 09:15:19-880 [main] INFO  o.s.scheduling.quartz.LocalDataSourceJobStore - Using db table-based data access locking (synchronization).
2023-04-30 09:15:19-883 [main] INFO  o.s.scheduling.quartz.LocalDataSourceJobStore - JobStoreCMT initialized.
2023-04-30 09:15:19-884 [main] INFO  org.quartz.core.QuartzScheduler - Scheduler meta-data: Quartz Scheduler (v2.3.2) 'clusteredScheduler' with instanceId 'DESKTOP-6PO1T0J1682817319861'
  Scheduler class: 'org.quartz.core.QuartzScheduler' - running locally.
  NOT STARTED.
  Currently in standby mode.
  Number of jobs executed: 0
  Using thread pool 'org.quartz.simpl.SimpleThreadPool' - with 10 threads.
  Using job-store 'org.springframework.scheduling.quartz.LocalDataSourceJobStore' - which supports persistence. and is clustered.

2023-04-30 09:15:19-886 [main] INFO  org.quartz.impl.StdSchedulerFactory - Quartz scheduler 'clusteredScheduler' initialized from an externally provided properties instance.
2023-04-30 09:15:19-886 [main] INFO  org.quartz.impl.StdSchedulerFactory - Quartz scheduler version: 2.3.2
2023-04-30 09:15:19-886 [main] INFO  org.quartz.core.QuartzScheduler - JobFactory set to: org.springframework.scheduling.quartz.SpringBeanJobFactory@3d7b1f1c
2023-04-30 09:15:20-646 [main] INFO  org.apache.coyote.http11.Http11NioProtocol - Starting ProtocolHandler ["http-nio-8080"]
2023-04-30 09:15:20-677 [main] INFO  o.s.boot.web.embedded.tomcat.TomcatWebServer - Tomcat started on port(s): 8080 (http) with context path ''
2023-04-30 09:15:20-680 [main] INFO  o.s.scheduling.quartz.SchedulerFactoryBean - Starting Quartz Scheduler now
2023-04-30 09:15:20-895 [main] INFO  org.quartz.core.QuartzScheduler - Scheduler clusteredScheduler_$_DESKTOP-6PO1T0J1682817319861 started.
2023-04-30 09:15:20-913 [main] INFO  com.capricorn.summer.SummerApplication - Started SummerApplication in 7.63 seconds (JVM running for 8.866)
2023-04-30 09:15:24-540 [http-nio-8080-exec-1] INFO  o.a.c.core.ContainerBase.[Tomcat].[localhost].[/] - Initializing Spring DispatcherServlet 'dispatcherServlet'
2023-04-30 09:15:24-540 [http-nio-8080-exec-1] INFO  org.springframework.web.servlet.DispatcherServlet - Initializing Servlet 'dispatcherServlet'
2023-04-30 09:15:24-549 [http-nio-8080-exec-1] INFO  org.springframework.web.servlet.DispatcherServlet - Completed initialization in 9 ms
2023-04-30 09:16:37-220 [main] INFO  com.capricorn.summer.SummerApplication - Starting SummerApplication on DESKTOP-6PO1T0J with PID 11252 (D:\IDEAProjects\summer\target\classes started by CasioJie in D:\IDEAProjects\summer)
2023-04-30 09:16:37-226 [main] INFO  com.capricorn.summer.SummerApplication - No active profile set, falling back to default profiles: default
2023-04-30 09:16:38-929 [main] INFO  o.s.boot.web.embedded.tomcat.TomcatWebServer - Tomcat initialized with port(s): 8080 (http)
2023-04-30 09:16:38-945 [main] INFO  org.apache.coyote.http11.Http11NioProtocol - Initializing ProtocolHandler ["http-nio-8080"]
2023-04-30 09:16:38-947 [main] INFO  org.apache.catalina.core.StandardService - Starting service [Tomcat]
2023-04-30 09:16:38-947 [main] INFO  org.apache.catalina.core.StandardEngine - Starting Servlet engine: [Apache Tomcat/9.0.41]
2023-04-30 09:16:39-086 [main] INFO  o.a.c.core.ContainerBase.[Tomcat].[localhost].[/] - Initializing Spring embedded WebApplicationContext
2023-04-30 09:16:39-087 [main] INFO  o.s.b.w.s.c.ServletWebServerApplicationContext - Root WebApplicationContext: initialization completed in 1783 ms
2023-04-30 09:16:41-792 [main] INFO  com.alibaba.druid.pool.DruidDataSource - {dataSource-1,capricorn} inited
2023-04-30 09:16:41-793 [main] INFO  c.b.dynamic.datasource.DynamicRoutingDataSource - dynamic-datasource - add a datasource named [capricorn] success
2023-04-30 09:16:41-794 [main] INFO  c.b.dynamic.datasource.DynamicRoutingDataSource - dynamic-datasource initial loaded [1] datasource,primary datasource named [capricorn]
2023-04-30 09:16:42-799 [main] INFO  org.quartz.impl.StdSchedulerFactory - Using default implementation for ThreadExecutor
2023-04-30 09:16:42-801 [main] INFO  org.quartz.simpl.SimpleThreadPool - Job execution threads will use class loader of thread: main
2023-04-30 09:16:42-812 [main] INFO  org.quartz.core.SchedulerSignalerImpl - Initialized Scheduler Signaller of type: class org.quartz.core.SchedulerSignalerImpl
2023-04-30 09:16:42-812 [main] INFO  org.quartz.core.QuartzScheduler - Quartz Scheduler v.2.3.2 created.
2023-04-30 09:16:42-815 [main] INFO  o.s.scheduling.quartz.LocalDataSourceJobStore - Using db table-based data access locking (synchronization).
2023-04-30 09:16:42-818 [main] INFO  o.s.scheduling.quartz.LocalDataSourceJobStore - JobStoreCMT initialized.
2023-04-30 09:16:42-819 [main] INFO  org.quartz.core.QuartzScheduler - Scheduler meta-data: Quartz Scheduler (v2.3.2) 'clusteredScheduler' with instanceId 'DESKTOP-6PO1T0J1682817402801'
  Scheduler class: 'org.quartz.core.QuartzScheduler' - running locally.
  NOT STARTED.
  Currently in standby mode.
  Number of jobs executed: 0
  Using thread pool 'org.quartz.simpl.SimpleThreadPool' - with 10 threads.
  Using job-store 'org.springframework.scheduling.quartz.LocalDataSourceJobStore' - which supports persistence. and is clustered.

2023-04-30 09:16:42-820 [main] INFO  org.quartz.impl.StdSchedulerFactory - Quartz scheduler 'clusteredScheduler' initialized from an externally provided properties instance.
2023-04-30 09:16:42-820 [main] INFO  org.quartz.impl.StdSchedulerFactory - Quartz scheduler version: 2.3.2
2023-04-30 09:16:42-820 [main] INFO  org.quartz.core.QuartzScheduler - JobFactory set to: org.springframework.scheduling.quartz.SpringBeanJobFactory@27a97e08
2023-04-30 09:16:43-537 [main] INFO  org.apache.coyote.http11.Http11NioProtocol - Starting ProtocolHandler ["http-nio-8080"]
2023-04-30 09:16:43-563 [main] INFO  o.s.boot.web.embedded.tomcat.TomcatWebServer - Tomcat started on port(s): 8080 (http) with context path ''
2023-04-30 09:16:43-565 [main] INFO  o.s.scheduling.quartz.SchedulerFactoryBean - Starting Quartz Scheduler now
2023-04-30 09:16:43-772 [main] INFO  org.quartz.core.QuartzScheduler - Scheduler clusteredScheduler_$_DESKTOP-6PO1T0J1682817402801 started.
2023-04-30 09:16:43-794 [main] INFO  com.capricorn.summer.SummerApplication - Started SummerApplication in 7.474 seconds (JVM running for 8.904)
2023-04-30 09:16:47-388 [http-nio-8080-exec-1] INFO  o.a.c.core.ContainerBase.[Tomcat].[localhost].[/] - Initializing Spring DispatcherServlet 'dispatcherServlet'
2023-04-30 09:16:47-388 [http-nio-8080-exec-1] INFO  org.springframework.web.servlet.DispatcherServlet - Initializing Servlet 'dispatcherServlet'
2023-04-30 09:16:47-398 [http-nio-8080-exec-1] INFO  org.springframework.web.servlet.DispatcherServlet - Completed initialization in 10 ms
2023-04-30 09:18:01-386 [main] INFO  com.capricorn.summer.SummerApplication - Starting SummerApplication on DESKTOP-6PO1T0J with PID 10512 (D:\IDEAProjects\summer\target\classes started by CasioJie in D:\IDEAProjects\summer)
2023-04-30 09:18:01-390 [main] INFO  com.capricorn.summer.SummerApplication - No active profile set, falling back to default profiles: default
2023-04-30 09:18:03-387 [main] INFO  o.s.boot.web.embedded.tomcat.TomcatWebServer - Tomcat initialized with port(s): 8080 (http)
2023-04-30 09:18:03-398 [main] INFO  org.apache.coyote.http11.Http11NioProtocol - Initializing ProtocolHandler ["http-nio-8080"]
2023-04-30 09:18:03-399 [main] INFO  org.apache.catalina.core.StandardService - Starting service [Tomcat]
2023-04-30 09:18:03-399 [main] INFO  org.apache.catalina.core.StandardEngine - Starting Servlet engine: [Apache Tomcat/9.0.41]
2023-04-30 09:18:03-540 [main] INFO  o.a.c.core.ContainerBase.[Tomcat].[localhost].[/] - Initializing Spring embedded WebApplicationContext
2023-04-30 09:18:03-540 [main] INFO  o.s.b.w.s.c.ServletWebServerApplicationContext - Root WebApplicationContext: initialization completed in 2071 ms
2023-04-30 09:18:06-533 [main] INFO  com.alibaba.druid.pool.DruidDataSource - {dataSource-1,capricorn} inited
2023-04-30 09:18:06-534 [main] INFO  c.b.dynamic.datasource.DynamicRoutingDataSource - dynamic-datasource - add a datasource named [capricorn] success
2023-04-30 09:18:06-534 [main] INFO  c.b.dynamic.datasource.DynamicRoutingDataSource - dynamic-datasource initial loaded [1] datasource,primary datasource named [capricorn]
2023-04-30 09:18:07-564 [main] INFO  org.quartz.impl.StdSchedulerFactory - Using default implementation for ThreadExecutor
2023-04-30 09:18:07-567 [main] INFO  org.quartz.simpl.SimpleThreadPool - Job execution threads will use class loader of thread: main
2023-04-30 09:18:07-579 [main] INFO  org.quartz.core.SchedulerSignalerImpl - Initialized Scheduler Signaller of type: class org.quartz.core.SchedulerSignalerImpl
2023-04-30 09:18:07-580 [main] INFO  org.quartz.core.QuartzScheduler - Quartz Scheduler v.2.3.2 created.
2023-04-30 09:18:07-584 [main] INFO  o.s.scheduling.quartz.LocalDataSourceJobStore - Using db table-based data access locking (synchronization).
2023-04-30 09:18:07-586 [main] INFO  o.s.scheduling.quartz.LocalDataSourceJobStore - JobStoreCMT initialized.
2023-04-30 09:18:07-587 [main] INFO  org.quartz.core.QuartzScheduler - Scheduler meta-data: Quartz Scheduler (v2.3.2) 'clusteredScheduler' with instanceId 'DESKTOP-6PO1T0J1682817487566'
  Scheduler class: 'org.quartz.core.QuartzScheduler' - running locally.
  NOT STARTED.
  Currently in standby mode.
  Number of jobs executed: 0
  Using thread pool 'org.quartz.simpl.SimpleThreadPool' - with 10 threads.
  Using job-store 'org.springframework.scheduling.quartz.LocalDataSourceJobStore' - which supports persistence. and is clustered.

2023-04-30 09:18:07-587 [main] INFO  org.quartz.impl.StdSchedulerFactory - Quartz scheduler 'clusteredScheduler' initialized from an externally provided properties instance.
2023-04-30 09:18:07-587 [main] INFO  org.quartz.impl.StdSchedulerFactory - Quartz scheduler version: 2.3.2
2023-04-30 09:18:07-587 [main] INFO  org.quartz.core.QuartzScheduler - JobFactory set to: org.springframework.scheduling.quartz.SpringBeanJobFactory@4726927c
2023-04-30 09:18:08-261 [main] INFO  org.apache.coyote.http11.Http11NioProtocol - Starting ProtocolHandler ["http-nio-8080"]
2023-04-30 09:18:08-290 [main] INFO  o.s.boot.web.embedded.tomcat.TomcatWebServer - Tomcat started on port(s): 8080 (http) with context path ''
2023-04-30 09:18:08-291 [main] INFO  o.s.scheduling.quartz.SchedulerFactoryBean - Starting Quartz Scheduler now
2023-04-30 09:18:08-473 [main] INFO  org.quartz.core.QuartzScheduler - Scheduler clusteredScheduler_$_DESKTOP-6PO1T0J1682817487566 started.
2023-04-30 09:18:08-492 [main] INFO  com.capricorn.summer.SummerApplication - Started SummerApplication in 7.991 seconds (JVM running for 9.503)
2023-04-30 09:18:12-013 [http-nio-8080-exec-1] INFO  o.a.c.core.ContainerBase.[Tomcat].[localhost].[/] - Initializing Spring DispatcherServlet 'dispatcherServlet'
2023-04-30 09:18:12-014 [http-nio-8080-exec-1] INFO  org.springframework.web.servlet.DispatcherServlet - Initializing Servlet 'dispatcherServlet'
2023-04-30 09:18:12-025 [http-nio-8080-exec-1] INFO  org.springframework.web.servlet.DispatcherServlet - Completed initialization in 11 ms
2023-04-30 09:19:06-528 [main] INFO  com.capricorn.summer.SummerApplication - Starting SummerApplication on DESKTOP-6PO1T0J with PID 12924 (D:\IDEAProjects\summer\target\classes started by CasioJie in D:\IDEAProjects\summer)
2023-04-30 09:19:06-533 [main] INFO  com.capricorn.summer.SummerApplication - No active profile set, falling back to default profiles: default
2023-04-30 09:19:08-108 [main] INFO  o.s.boot.web.embedded.tomcat.TomcatWebServer - Tomcat initialized with port(s): 8080 (http)
2023-04-30 09:19:08-118 [main] INFO  org.apache.coyote.http11.Http11NioProtocol - Initializing ProtocolHandler ["http-nio-8080"]
2023-04-30 09:19:08-119 [main] INFO  org.apache.catalina.core.StandardService - Starting service [Tomcat]
2023-04-30 09:19:08-119 [main] INFO  org.apache.catalina.core.StandardEngine - Starting Servlet engine: [Apache Tomcat/9.0.41]
2023-04-30 09:19:08-247 [main] INFO  o.a.c.core.ContainerBase.[Tomcat].[localhost].[/] - Initializing Spring embedded WebApplicationContext
2023-04-30 09:19:08-248 [main] INFO  o.s.b.w.s.c.ServletWebServerApplicationContext - Root WebApplicationContext: initialization completed in 1630 ms
2023-04-30 09:19:10-958 [main] INFO  com.alibaba.druid.pool.DruidDataSource - {dataSource-1,capricorn} inited
2023-04-30 09:19:10-959 [main] INFO  c.b.dynamic.datasource.DynamicRoutingDataSource - dynamic-datasource - add a datasource named [capricorn] success
2023-04-30 09:19:10-960 [main] INFO  c.b.dynamic.datasource.DynamicRoutingDataSource - dynamic-datasource initial loaded [1] datasource,primary datasource named [capricorn]
2023-04-30 09:19:11-828 [main] INFO  org.quartz.impl.StdSchedulerFactory - Using default implementation for ThreadExecutor
2023-04-30 09:19:11-830 [main] INFO  org.quartz.simpl.SimpleThreadPool - Job execution threads will use class loader of thread: main
2023-04-30 09:19:11-840 [main] INFO  org.quartz.core.SchedulerSignalerImpl - Initialized Scheduler Signaller of type: class org.quartz.core.SchedulerSignalerImpl
2023-04-30 09:19:11-840 [main] INFO  org.quartz.core.QuartzScheduler - Quartz Scheduler v.2.3.2 created.
2023-04-30 09:19:11-843 [main] INFO  o.s.scheduling.quartz.LocalDataSourceJobStore - Using db table-based data access locking (synchronization).
2023-04-30 09:19:11-845 [main] INFO  o.s.scheduling.quartz.LocalDataSourceJobStore - JobStoreCMT initialized.
2023-04-30 09:19:11-845 [main] INFO  org.quartz.core.QuartzScheduler - Scheduler meta-data: Quartz Scheduler (v2.3.2) 'clusteredScheduler' with instanceId 'DESKTOP-6PO1T0J1682817551829'
  Scheduler class: 'org.quartz.core.QuartzScheduler' - running locally.
  NOT STARTED.
  Currently in standby mode.
  Number of jobs executed: 0
  Using thread pool 'org.quartz.simpl.SimpleThreadPool' - with 10 threads.
  Using job-store 'org.springframework.scheduling.quartz.LocalDataSourceJobStore' - which supports persistence. and is clustered.

2023-04-30 09:19:11-846 [main] INFO  org.quartz.impl.StdSchedulerFactory - Quartz scheduler 'clusteredScheduler' initialized from an externally provided properties instance.
2023-04-30 09:19:11-846 [main] INFO  org.quartz.impl.StdSchedulerFactory - Quartz scheduler version: 2.3.2
2023-04-30 09:19:11-846 [main] INFO  org.quartz.core.QuartzScheduler - JobFactory set to: org.springframework.scheduling.quartz.SpringBeanJobFactory@5918c260
2023-04-30 09:19:12-452 [main] INFO  org.apache.coyote.http11.Http11NioProtocol - Starting ProtocolHandler ["http-nio-8080"]
2023-04-30 09:19:12-479 [main] INFO  o.s.boot.web.embedded.tomcat.TomcatWebServer - Tomcat started on port(s): 8080 (http) with context path ''
2023-04-30 09:19:12-480 [main] INFO  o.s.scheduling.quartz.SchedulerFactoryBean - Starting Quartz Scheduler now
2023-04-30 09:19:12-650 [main] INFO  org.quartz.core.QuartzScheduler - Scheduler clusteredScheduler_$_DESKTOP-6PO1T0J1682817551829 started.
2023-04-30 09:19:12-670 [main] INFO  com.capricorn.summer.SummerApplication - Started SummerApplication in 6.86 seconds (JVM running for 8.09)
2023-04-30 09:19:21-606 [http-nio-8080-exec-1] INFO  o.a.c.core.ContainerBase.[Tomcat].[localhost].[/] - Initializing Spring DispatcherServlet 'dispatcherServlet'
2023-04-30 09:19:21-607 [http-nio-8080-exec-1] INFO  org.springframework.web.servlet.DispatcherServlet - Initializing Servlet 'dispatcherServlet'
2023-04-30 09:19:21-619 [http-nio-8080-exec-1] INFO  org.springframework.web.servlet.DispatcherServlet - Completed initialization in 12 ms
2023-04-30 09:21:34-111 [main] INFO  com.capricorn.summer.SummerApplication - Starting SummerApplication on DESKTOP-6PO1T0J with PID 2736 (D:\IDEAProjects\summer\target\classes started by CasioJie in D:\IDEAProjects\summer)
2023-04-30 09:21:34-116 [main] INFO  com.capricorn.summer.SummerApplication - No active profile set, falling back to default profiles: default
2023-04-30 09:21:35-805 [main] INFO  o.s.boot.web.embedded.tomcat.TomcatWebServer - Tomcat initialized with port(s): 8080 (http)
2023-04-30 09:21:35-818 [main] INFO  org.apache.coyote.http11.Http11NioProtocol - Initializing ProtocolHandler ["http-nio-8080"]
2023-04-30 09:21:35-819 [main] INFO  org.apache.catalina.core.StandardService - Starting service [Tomcat]
2023-04-30 09:21:35-820 [main] INFO  org.apache.catalina.core.StandardEngine - Starting Servlet engine: [Apache Tomcat/9.0.41]
2023-04-30 09:21:35-951 [main] INFO  o.a.c.core.ContainerBase.[Tomcat].[localhost].[/] - Initializing Spring embedded WebApplicationContext
2023-04-30 09:21:35-951 [main] INFO  o.s.b.w.s.c.ServletWebServerApplicationContext - Root WebApplicationContext: initialization completed in 1759 ms
2023-04-30 09:21:38-889 [main] INFO  com.alibaba.druid.pool.DruidDataSource - {dataSource-1,capricorn} inited
2023-04-30 09:21:38-890 [main] INFO  c.b.dynamic.datasource.DynamicRoutingDataSource - dynamic-datasource - add a datasource named [capricorn] success
2023-04-30 09:21:38-891 [main] INFO  c.b.dynamic.datasource.DynamicRoutingDataSource - dynamic-datasource initial loaded [1] datasource,primary datasource named [capricorn]
2023-04-30 09:21:39-825 [main] INFO  org.quartz.impl.StdSchedulerFactory - Using default implementation for ThreadExecutor
2023-04-30 09:21:39-827 [main] INFO  org.quartz.simpl.SimpleThreadPool - Job execution threads will use class loader of thread: main
2023-04-30 09:21:39-837 [main] INFO  org.quartz.core.SchedulerSignalerImpl - Initialized Scheduler Signaller of type: class org.quartz.core.SchedulerSignalerImpl
2023-04-30 09:21:39-838 [main] INFO  org.quartz.core.QuartzScheduler - Quartz Scheduler v.2.3.2 created.
2023-04-30 09:21:39-841 [main] INFO  o.s.scheduling.quartz.LocalDataSourceJobStore - Using db table-based data access locking (synchronization).
2023-04-30 09:21:39-843 [main] INFO  o.s.scheduling.quartz.LocalDataSourceJobStore - JobStoreCMT initialized.
2023-04-30 09:21:39-844 [main] INFO  org.quartz.core.QuartzScheduler - Scheduler meta-data: Quartz Scheduler (v2.3.2) 'clusteredScheduler' with instanceId 'DESKTOP-6PO1T0J1682817699826'
  Scheduler class: 'org.quartz.core.QuartzScheduler' - running locally.
  NOT STARTED.
  Currently in standby mode.
  Number of jobs executed: 0
  Using thread pool 'org.quartz.simpl.SimpleThreadPool' - with 10 threads.
  Using job-store 'org.springframework.scheduling.quartz.LocalDataSourceJobStore' - which supports persistence. and is clustered.

2023-04-30 09:21:39-844 [main] INFO  org.quartz.impl.StdSchedulerFactory - Quartz scheduler 'clusteredScheduler' initialized from an externally provided properties instance.
2023-04-30 09:21:39-844 [main] INFO  org.quartz.impl.StdSchedulerFactory - Quartz scheduler version: 2.3.2
2023-04-30 09:21:39-844 [main] INFO  org.quartz.core.QuartzScheduler - JobFactory set to: org.springframework.scheduling.quartz.SpringBeanJobFactory@4726927c
2023-04-30 09:21:40-520 [main] INFO  org.apache.coyote.http11.Http11NioProtocol - Starting ProtocolHandler ["http-nio-8080"]
2023-04-30 09:21:40-547 [main] INFO  o.s.boot.web.embedded.tomcat.TomcatWebServer - Tomcat started on port(s): 8080 (http) with context path ''
2023-04-30 09:21:40-550 [main] INFO  o.s.scheduling.quartz.SchedulerFactoryBean - Starting Quartz Scheduler now
2023-04-30 09:21:40-738 [main] INFO  org.quartz.core.QuartzScheduler - Scheduler clusteredScheduler_$_DESKTOP-6PO1T0J1682817699826 started.
2023-04-30 09:21:40-762 [main] INFO  com.capricorn.summer.SummerApplication - Started SummerApplication in 7.422 seconds (JVM running for 8.822)
2023-04-30 09:21:47-428 [http-nio-8080-exec-1] INFO  o.a.c.core.ContainerBase.[Tomcat].[localhost].[/] - Initializing Spring DispatcherServlet 'dispatcherServlet'
2023-04-30 09:21:47-428 [http-nio-8080-exec-1] INFO  org.springframework.web.servlet.DispatcherServlet - Initializing Servlet 'dispatcherServlet'
2023-04-30 09:21:47-439 [http-nio-8080-exec-1] INFO  org.springframework.web.servlet.DispatcherServlet - Completed initialization in 11 ms
2023-04-30 09:25:12-867 [main] INFO  com.capricorn.summer.SummerApplication - Starting SummerApplication on DESKTOP-6PO1T0J with PID 7236 (D:\IDEAProjects\summer\target\classes started by CasioJie in D:\IDEAProjects\summer)
2023-04-30 09:25:12-873 [main] INFO  com.capricorn.summer.SummerApplication - No active profile set, falling back to default profiles: default
2023-04-30 09:25:14-406 [main] INFO  o.s.boot.web.embedded.tomcat.TomcatWebServer - Tomcat initialized with port(s): 8080 (http)
2023-04-30 09:25:14-417 [main] INFO  org.apache.coyote.http11.Http11NioProtocol - Initializing ProtocolHandler ["http-nio-8080"]
2023-04-30 09:25:14-418 [main] INFO  org.apache.catalina.core.StandardService - Starting service [Tomcat]
2023-04-30 09:25:14-418 [main] INFO  org.apache.catalina.core.StandardEngine - Starting Servlet engine: [Apache Tomcat/9.0.41]
2023-04-30 09:25:14-554 [main] INFO  o.a.c.core.ContainerBase.[Tomcat].[localhost].[/] - Initializing Spring embedded WebApplicationContext
2023-04-30 09:25:14-555 [main] INFO  o.s.b.w.s.c.ServletWebServerApplicationContext - Root WebApplicationContext: initialization completed in 1608 ms
2023-04-30 09:25:17-374 [main] INFO  com.alibaba.druid.pool.DruidDataSource - {dataSource-1,capricorn} inited
2023-04-30 09:25:17-376 [main] INFO  c.b.dynamic.datasource.DynamicRoutingDataSource - dynamic-datasource - add a datasource named [capricorn] success
2023-04-30 09:25:17-376 [main] INFO  c.b.dynamic.datasource.DynamicRoutingDataSource - dynamic-datasource initial loaded [1] datasource,primary datasource named [capricorn]
2023-04-30 09:25:18-229 [main] INFO  org.quartz.impl.StdSchedulerFactory - Using default implementation for ThreadExecutor
2023-04-30 09:25:18-232 [main] INFO  org.quartz.simpl.SimpleThreadPool - Job execution threads will use class loader of thread: main
2023-04-30 09:25:18-241 [main] INFO  org.quartz.core.SchedulerSignalerImpl - Initialized Scheduler Signaller of type: class org.quartz.core.SchedulerSignalerImpl
2023-04-30 09:25:18-242 [main] INFO  org.quartz.core.QuartzScheduler - Quartz Scheduler v.2.3.2 created.
2023-04-30 09:25:18-244 [main] INFO  o.s.scheduling.quartz.LocalDataSourceJobStore - Using db table-based data access locking (synchronization).
2023-04-30 09:25:18-246 [main] INFO  o.s.scheduling.quartz.LocalDataSourceJobStore - JobStoreCMT initialized.
2023-04-30 09:25:18-248 [main] INFO  org.quartz.core.QuartzScheduler - Scheduler meta-data: Quartz Scheduler (v2.3.2) 'clusteredScheduler' with instanceId 'DESKTOP-6PO1T0J1682817918230'
  Scheduler class: 'org.quartz.core.QuartzScheduler' - running locally.
  NOT STARTED.
  Currently in standby mode.
  Number of jobs executed: 0
  Using thread pool 'org.quartz.simpl.SimpleThreadPool' - with 10 threads.
  Using job-store 'org.springframework.scheduling.quartz.LocalDataSourceJobStore' - which supports persistence. and is clustered.

2023-04-30 09:25:18-248 [main] INFO  org.quartz.impl.StdSchedulerFactory - Quartz scheduler 'clusteredScheduler' initialized from an externally provided properties instance.
2023-04-30 09:25:18-248 [main] INFO  org.quartz.impl.StdSchedulerFactory - Quartz scheduler version: 2.3.2
2023-04-30 09:25:18-248 [main] INFO  org.quartz.core.QuartzScheduler - JobFactory set to: org.springframework.scheduling.quartz.SpringBeanJobFactory@5b84f14
2023-04-30 09:25:18-867 [main] INFO  org.apache.coyote.http11.Http11NioProtocol - Starting ProtocolHandler ["http-nio-8080"]
2023-04-30 09:25:18-892 [main] INFO  o.s.boot.web.embedded.tomcat.TomcatWebServer - Tomcat started on port(s): 8080 (http) with context path ''
2023-04-30 09:25:18-894 [main] INFO  o.s.scheduling.quartz.SchedulerFactoryBean - Starting Quartz Scheduler now
2023-04-30 09:25:19-058 [main] INFO  org.quartz.core.QuartzScheduler - Scheduler clusteredScheduler_$_DESKTOP-6PO1T0J1682817918230 started.
2023-04-30 09:25:19-079 [main] INFO  com.capricorn.summer.SummerApplication - Started SummerApplication in 6.969 seconds (JVM running for 8.309)
2023-04-30 09:25:23-621 [http-nio-8080-exec-1] INFO  o.a.c.core.ContainerBase.[Tomcat].[localhost].[/] - Initializing Spring DispatcherServlet 'dispatcherServlet'
2023-04-30 09:25:23-621 [http-nio-8080-exec-1] INFO  org.springframework.web.servlet.DispatcherServlet - Initializing Servlet 'dispatcherServlet'
2023-04-30 09:25:23-629 [http-nio-8080-exec-1] INFO  org.springframework.web.servlet.DispatcherServlet - Completed initialization in 8 ms
2023-04-30 09:31:37-827 [main] INFO  com.capricorn.summer.SummerApplication - Starting SummerApplication on DESKTOP-6PO1T0J with PID 14232 (D:\IDEAProjects\summer\target\classes started by CasioJie in D:\IDEAProjects\summer)
2023-04-30 09:31:37-832 [main] INFO  com.capricorn.summer.SummerApplication - No active profile set, falling back to default profiles: default
2023-04-30 09:31:39-547 [main] INFO  o.s.boot.web.embedded.tomcat.TomcatWebServer - Tomcat initialized with port(s): 8080 (http)
2023-04-30 09:31:39-557 [main] INFO  org.apache.coyote.http11.Http11NioProtocol - Initializing ProtocolHandler ["http-nio-8080"]
2023-04-30 09:31:39-559 [main] INFO  org.apache.catalina.core.StandardService - Starting service [Tomcat]
2023-04-30 09:31:39-559 [main] INFO  org.apache.catalina.core.StandardEngine - Starting Servlet engine: [Apache Tomcat/9.0.41]
2023-04-30 09:31:39-685 [main] INFO  o.a.c.core.ContainerBase.[Tomcat].[localhost].[/] - Initializing Spring embedded WebApplicationContext
2023-04-30 09:31:39-685 [main] INFO  o.s.b.w.s.c.ServletWebServerApplicationContext - Root WebApplicationContext: initialization completed in 1775 ms
2023-04-30 09:31:42-509 [main] INFO  com.alibaba.druid.pool.DruidDataSource - {dataSource-1,capricorn} inited
2023-04-30 09:31:42-510 [main] INFO  c.b.dynamic.datasource.DynamicRoutingDataSource - dynamic-datasource - add a datasource named [capricorn] success
2023-04-30 09:31:42-511 [main] INFO  c.b.dynamic.datasource.DynamicRoutingDataSource - dynamic-datasource initial loaded [1] datasource,primary datasource named [capricorn]
2023-04-30 09:31:43-448 [main] INFO  org.quartz.impl.StdSchedulerFactory - Using default implementation for ThreadExecutor
2023-04-30 09:31:43-450 [main] INFO  org.quartz.simpl.SimpleThreadPool - Job execution threads will use class loader of thread: main
2023-04-30 09:31:43-461 [main] INFO  org.quartz.core.SchedulerSignalerImpl - Initialized Scheduler Signaller of type: class org.quartz.core.SchedulerSignalerImpl
2023-04-30 09:31:43-461 [main] INFO  org.quartz.core.QuartzScheduler - Quartz Scheduler v.2.3.2 created.
2023-04-30 09:31:43-465 [main] INFO  o.s.scheduling.quartz.LocalDataSourceJobStore - Using db table-based data access locking (synchronization).
2023-04-30 09:31:43-467 [main] INFO  o.s.scheduling.quartz.LocalDataSourceJobStore - JobStoreCMT initialized.
2023-04-30 09:31:43-467 [main] INFO  org.quartz.core.QuartzScheduler - Scheduler meta-data: Quartz Scheduler (v2.3.2) 'clusteredScheduler' with instanceId 'DESKTOP-6PO1T0J1682818303449'
  Scheduler class: 'org.quartz.core.QuartzScheduler' - running locally.
  NOT STARTED.
  Currently in standby mode.
  Number of jobs executed: 0
  Using thread pool 'org.quartz.simpl.SimpleThreadPool' - with 10 threads.
  Using job-store 'org.springframework.scheduling.quartz.LocalDataSourceJobStore' - which supports persistence. and is clustered.

2023-04-30 09:31:43-468 [main] INFO  org.quartz.impl.StdSchedulerFactory - Quartz scheduler 'clusteredScheduler' initialized from an externally provided properties instance.
2023-04-30 09:31:43-468 [main] INFO  org.quartz.impl.StdSchedulerFactory - Quartz scheduler version: 2.3.2
2023-04-30 09:31:43-468 [main] INFO  org.quartz.core.QuartzScheduler - JobFactory set to: org.springframework.scheduling.quartz.SpringBeanJobFactory@68fe48d7
2023-04-30 09:31:44-090 [main] INFO  org.apache.coyote.http11.Http11NioProtocol - Starting ProtocolHandler ["http-nio-8080"]
2023-04-30 09:31:44-115 [main] INFO  o.s.boot.web.embedded.tomcat.TomcatWebServer - Tomcat started on port(s): 8080 (http) with context path ''
2023-04-30 09:31:44-116 [main] INFO  o.s.scheduling.quartz.SchedulerFactoryBean - Starting Quartz Scheduler now
2023-04-30 09:31:44-282 [main] INFO  org.quartz.core.QuartzScheduler - Scheduler clusteredScheduler_$_DESKTOP-6PO1T0J1682818303449 started.
2023-04-30 09:31:44-302 [main] INFO  com.capricorn.summer.SummerApplication - Started SummerApplication in 7.278 seconds (JVM running for 8.692)
2023-04-30 09:32:00-159 [http-nio-8080-exec-1] INFO  o.a.c.core.ContainerBase.[Tomcat].[localhost].[/] - Initializing Spring DispatcherServlet 'dispatcherServlet'
2023-04-30 09:32:00-159 [http-nio-8080-exec-1] INFO  org.springframework.web.servlet.DispatcherServlet - Initializing Servlet 'dispatcherServlet'
2023-04-30 09:32:00-173 [http-nio-8080-exec-1] INFO  org.springframework.web.servlet.DispatcherServlet - Completed initialization in 14 ms
